<?xml version="1.0" encoding="UTF-8"?>
<TestRun id="b527c793-12db-4969-95ff-8b6df18a6c92" name="Administrator@IT-41C8711BE33B 2012-11-25 00:34:45" runUser="IT-41C8711BE33B\Administrator" xmlns="http://microsoft.com/schemas/VisualStudio/TeamTest/2010">
  <TestSettings name="Local" id="e96b331a-14e7-443c-a343-adc2a1a24a0b">
    <Description>These are default test settings for a local test run.</Description>
    <Deployment enabled="false" runDeploymentRoot="Administrator_IT-41C8711BE33B 2012-11-25 00_34_45">
      <DeploymentItem filename="C:\GroceryApp\packages\TelerikMvcExtensions.2011.1.315\lib\net40\Telerik.Web.Mvc.dll" />
      <DeploymentItem filename="C:\GroceryApp\packages\EntityFramework.5.0.0\lib\net40\EntityFramework.dll" />
      <DeploymentItem filename="C:\GroceryApp\GroceryApp\bin\GroceryApp.dll" />
    </Deployment>
    <Execution>
      <TestTypeSpecific />
      <AgentRule name="Execution Agents">
      </AgentRule>
    </Execution>
  </TestSettings>
  <Times creation="2012-11-25T00:34:45.4687500+02:00" queuing="2012-11-25T00:34:45.5937500+02:00" start="2012-11-25T00:34:45.7031250+02:00" finish="2012-11-25T00:34:56.7812500+02:00" />
  <ResultSummary outcome="Failed">
    <Counters total="4" executed="4" passed="3" error="0" failed="1" timeout="0" aborted="0" inconclusive="0" passedButRunAborted="0" notRunnable="0" notExecuted="0" disconnected="0" warning="0" completed="0" inProgress="0" pending="0" />
  </ResultSummary>
  <TestDefinitions>
    <UnitTest name="RemoveProductTest" storage="c:\groceryapp\testservices\bin\debug\testservices.dll" id="b4d77b63-b72d-15ec-8aa4-023d78ccaf94">
      <Execution id="4b75f6e2-08f9-4876-beed-f3ecbd2514ef" />
      <TestMethod codeBase="C:/GroceryApp/TestServices/bin/Debug/TestServices.DLL" adapterTypeName="Microsoft.VisualStudio.TestTools.TestTypes.Unit.UnitTestAdapter, Microsoft.VisualStudio.QualityTools.Tips.UnitTest.Adapter, Version=10.0.0.0, Culture=neutral, PublicKeyToken=b03f5f7f11d50a3a" className="BusinessTest.ProductSvcADOImplTest, TestServices, Version=1.0.0.0, Culture=neutral, PublicKeyToken=null" name="RemoveProductTest" />
    </UnitTest>
    <UnitTest name="UpdateProductTest" storage="c:\groceryapp\testservices\bin\debug\testservices.dll" id="f4ca3c5d-f97b-177e-4a16-a5228bcbc6d1">
      <Execution id="6c6de590-04d2-4634-8b0e-e229fe3388de" />
      <TestMethod codeBase="C:/GroceryApp/TestServices/bin/Debug/TestServices.DLL" adapterTypeName="Microsoft.VisualStudio.TestTools.TestTypes.Unit.UnitTestAdapter, Microsoft.VisualStudio.QualityTools.Tips.UnitTest.Adapter, Version=10.0.0.0, Culture=neutral, PublicKeyToken=b03f5f7f11d50a3a" className="BusinessTest.ProductSvcADOImplTest, TestServices, Version=1.0.0.0, Culture=neutral, PublicKeyToken=null" name="UpdateProductTest" />
    </UnitTest>
    <UnitTest name="ZSearchProductTest" storage="c:\groceryapp\testservices\bin\debug\testservices.dll" id="deee53a8-736e-11c3-bab6-fc29082b03fb">
      <Execution id="e12eab02-4d57-492f-bc9f-01dec89d85a0" />
      <TestMethod codeBase="C:/GroceryApp/TestServices/bin/Debug/TestServices.DLL" adapterTypeName="Microsoft.VisualStudio.TestTools.TestTypes.Unit.UnitTestAdapter, Microsoft.VisualStudio.QualityTools.Tips.UnitTest.Adapter, Version=10.0.0.0, Culture=neutral, PublicKeyToken=b03f5f7f11d50a3a" className="BusinessTest.ProductSvcADOImplTest, TestServices, Version=1.0.0.0, Culture=neutral, PublicKeyToken=null" name="ZSearchProductTest" />
    </UnitTest>
    <UnitTest name="AddProductTest" storage="c:\groceryapp\testservices\bin\debug\testservices.dll" id="6445d75f-7f87-bb38-722c-3a451b06ed14">
      <Execution id="5ecd75db-868f-4873-a682-1188934b5ccc" />
      <TestMethod codeBase="C:/GroceryApp/TestServices/bin/Debug/TestServices.DLL" adapterTypeName="Microsoft.VisualStudio.TestTools.TestTypes.Unit.UnitTestAdapter, Microsoft.VisualStudio.QualityTools.Tips.UnitTest.Adapter, Version=10.0.0.0, Culture=neutral, PublicKeyToken=b03f5f7f11d50a3a" className="BusinessTest.ProductSvcADOImplTest, TestServices, Version=1.0.0.0, Culture=neutral, PublicKeyToken=null" name="AddProductTest" />
    </UnitTest>
  </TestDefinitions>
  <TestLists>
    <TestList name="Results Not in a List" id="8c84fa94-04c1-424b-9868-57a2d4851a1d" />
    <TestList name="All Loaded Results" id="19431567-8539-422a-85d7-44ee4e166bda" />
  </TestLists>
  <TestEntries>
    <TestEntry testId="6445d75f-7f87-bb38-722c-3a451b06ed14" executionId="5ecd75db-868f-4873-a682-1188934b5ccc" testListId="8c84fa94-04c1-424b-9868-57a2d4851a1d" />
    <TestEntry testId="b4d77b63-b72d-15ec-8aa4-023d78ccaf94" executionId="4b75f6e2-08f9-4876-beed-f3ecbd2514ef" testListId="8c84fa94-04c1-424b-9868-57a2d4851a1d" />
    <TestEntry testId="deee53a8-736e-11c3-bab6-fc29082b03fb" executionId="e12eab02-4d57-492f-bc9f-01dec89d85a0" testListId="8c84fa94-04c1-424b-9868-57a2d4851a1d" />
    <TestEntry testId="f4ca3c5d-f97b-177e-4a16-a5228bcbc6d1" executionId="6c6de590-04d2-4634-8b0e-e229fe3388de" testListId="8c84fa94-04c1-424b-9868-57a2d4851a1d" />
  </TestEntries>
  <Results>
    <UnitTestResult executionId="5ecd75db-868f-4873-a682-1188934b5ccc" testId="6445d75f-7f87-bb38-722c-3a451b06ed14" testName="AddProductTest" computerName="IT-41C8711BE33B" duration="00:00:06.7501651" startTime="2012-11-25T00:34:45.8750000+02:00" endTime="2012-11-25T00:34:54.8125000+02:00" testType="13cdc9d9-ddb5-4fa4-a97d-d965ccfc6d4b" outcome="Passed" testListId="8c84fa94-04c1-424b-9868-57a2d4851a1d" relativeResultsDirectory="5ecd75db-868f-4873-a682-1188934b5ccc">
    </UnitTestResult>
    <UnitTestResult executionId="4b75f6e2-08f9-4876-beed-f3ecbd2514ef" testId="b4d77b63-b72d-15ec-8aa4-023d78ccaf94" testName="RemoveProductTest" computerName="IT-41C8711BE33B" duration="00:00:00.7101718" startTime="2012-11-25T00:34:54.8437500+02:00" endTime="2012-11-25T00:34:55.5625000+02:00" testType="13cdc9d9-ddb5-4fa4-a97d-d965ccfc6d4b" outcome="Passed" testListId="8c84fa94-04c1-424b-9868-57a2d4851a1d" relativeResultsDirectory="4b75f6e2-08f9-4876-beed-f3ecbd2514ef">
    </UnitTestResult>
    <UnitTestResult executionId="e12eab02-4d57-492f-bc9f-01dec89d85a0" testId="deee53a8-736e-11c3-bab6-fc29082b03fb" testName="ZSearchProductTest" computerName="IT-41C8711BE33B" duration="00:00:00.1668927" startTime="2012-11-25T00:34:55.5781250+02:00" endTime="2012-11-25T00:34:55.7656250+02:00" testType="13cdc9d9-ddb5-4fa4-a97d-d965ccfc6d4b" outcome="Passed" testListId="8c84fa94-04c1-424b-9868-57a2d4851a1d" relativeResultsDirectory="e12eab02-4d57-492f-bc9f-01dec89d85a0">
    </UnitTestResult>
    <UnitTestResult executionId="6c6de590-04d2-4634-8b0e-e229fe3388de" testId="f4ca3c5d-f97b-177e-4a16-a5228bcbc6d1" testName="UpdateProductTest" computerName="IT-41C8711BE33B" duration="00:00:00.6349779" startTime="2012-11-25T00:34:55.7812500+02:00" endTime="2012-11-25T00:34:56.4218750+02:00" testType="13cdc9d9-ddb5-4fa4-a97d-d965ccfc6d4b" outcome="Failed" testListId="8c84fa94-04c1-424b-9868-57a2d4851a1d" relativeResultsDirectory="6c6de590-04d2-4634-8b0e-e229fe3388de">
      <Output>
        <ErrorInfo>
          <Message>Assert.Fail failed. System.Data.Entity.Infrastructure.DbUpdateConcurrencyException: Store update, insert, or delete statement affected an unexpected number of rows (0). Entities may have been modified or deleted since entities were loaded. Refresh ObjectStateManager entries. ---&gt; System.Data.OptimisticConcurrencyException: Store update, insert, or delete statement affected an unexpected number of rows (0). Entities may have been modified or deleted since entities were loaded. Refresh ObjectStateManager entries.
   at System.Data.Mapping.Update.Internal.UpdateTranslator.ValidateRowsAffected(Int64 rowsAffected, UpdateCommand source)
   at System.Data.Mapping.Update.Internal.UpdateTranslator.Update(IEntityStateManager stateManager, IEntityAdapter adapter)
   at System.Data.EntityClient.EntityAdapter.Update(IEntityStateManager entityCache)
   at System.Data.Objects.ObjectContext.SaveChanges(SaveOptions options)
   at System.Data.Entity.Internal.InternalContext.SaveChanges()
   --- End of inner exception stack trace ---
   at System.Data.Entity.Internal.InternalContext.SaveChanges()
   at System.Data.Entity.Internal.LazyInternalContext.SaveChanges()
   at System.Data.Entity.DbContext.SaveChanges()
   at GroceryApp.Models.Services.ProductSvcADOImpl.UpdateProduct(Product product) in C:\GroceryApp\GroceryApp\Models\Services\ProductSvcADOImpl.cs:line 54
   at BusinessTest.ProductSvcADOImplTest.UpdateProductTest() in C:\GroceryApp\TestServices\ProductSvcADOImplTest.cs:line 180</Message>
          <StackTrace>   at BusinessTest.ProductSvcADOImplTest.UpdateProductTest() in C:\GroceryApp\TestServices\ProductSvcADOImplTest.cs:line 185
</StackTrace>
        </ErrorInfo>
      </Output>
    </UnitTestResult>
  </Results>
</TestRun>