<?xml version="1.0" encoding="UTF-8"?>
<TestRun id="81b25653-7268-4bd8-987e-e11002392f61" name="Administrator@IT-41C8711BE33B 2012-11-25 22:17:31" runUser="IT-41C8711BE33B\Administrator" xmlns="http://microsoft.com/schemas/VisualStudio/TeamTest/2010">
  <TestSettings name="Local" id="e96b331a-14e7-443c-a343-adc2a1a24a0b">
    <Description>These are default test settings for a local test run.</Description>
    <Deployment enabled="false" runDeploymentRoot="Administrator_IT-41C8711BE33B 2012-11-25 22_17_31">
      <DeploymentItem filename="C:\GroceryApp\packages\TelerikMvcExtensions.2011.1.315\lib\net40\Telerik.Web.Mvc.dll" />
      <DeploymentItem filename="C:\GroceryApp\packages\EntityFramework.5.0.0\lib\net40\EntityFramework.dll" />
      <DeploymentItem filename="C:\GroceryApp\GroceryApp\bin\GroceryApp.dll" />
    </Deployment>
    <Execution>
      <TestTypeSpecific />
      <AgentRule name="Execution Agents">
      </AgentRule>
    </Execution>
  </TestSettings>
  <Times creation="2012-11-25T22:17:31.7500000+02:00" queuing="2012-11-25T22:17:32.3125000+02:00" start="2012-11-25T22:17:32.4375000+02:00" finish="2012-11-25T22:18:19.5000000+02:00" />
  <ResultSummary outcome="Failed">
    <Counters total="9" executed="9" passed="7" error="0" failed="2" timeout="0" aborted="0" inconclusive="0" passedButRunAborted="0" notRunnable="0" notExecuted="0" disconnected="0" warning="0" completed="0" inProgress="0" pending="0" />
  </ResultSummary>
  <TestDefinitions>
    <UnitTest name="AddProductTest" storage="c:\groceryapp\businesstest\bin\debug\businesstest.dll" id="6ff62ea5-d0a5-9905-38ba-7c96f4e3b4fa">
      <TestMethod codeBase="C:/GroceryApp/BusinessTest/bin/Debug/BusinessTest.DLL" adapterTypeName="Microsoft.VisualStudio.TestTools.TestTypes.Unit.UnitTestAdapter, Microsoft.VisualStudio.QualityTools.Tips.UnitTest.Adapter, Version=10.0.0.0, Culture=neutral, PublicKeyToken=b03f5f7f11d50a3a" className="BusinessTest.ProductMgrTest, BusinessTest, Version=1.0.0.0, Culture=neutral, PublicKeyToken=null" name="AddProductTest" />
    </UnitTest>
    <UnitTest name="UpdateSupplierTest" storage="c:\groceryapp\testservices\bin\debug\testservices.dll" id="f45a016b-4017-a952-4597-19322273f517">
      <TestMethod codeBase="C:/GroceryApp/TestServices/bin/Debug/TestServices.DLL" adapterTypeName="Microsoft.VisualStudio.TestTools.TestTypes.Unit.UnitTestAdapter, Microsoft.VisualStudio.QualityTools.Tips.UnitTest.Adapter, Version=10.0.0.0, Culture=neutral, PublicKeyToken=b03f5f7f11d50a3a" className="TestServices.SupplierSvcADOImplTest, TestServices, Version=1.0.0.0, Culture=neutral, PublicKeyToken=null" name="UpdateSupplierTest" />
    </UnitTest>
    <UnitTest name="AddSupplierTest" storage="c:\groceryapp\testservices\bin\debug\testservices.dll" id="d443d2a9-8e51-da8e-6e59-f1a9986abee8">
      <TestMethod codeBase="C:/GroceryApp/TestServices/bin/Debug/TestServices.DLL" adapterTypeName="Microsoft.VisualStudio.TestTools.TestTypes.Unit.UnitTestAdapter, Microsoft.VisualStudio.QualityTools.Tips.UnitTest.Adapter, Version=10.0.0.0, Culture=neutral, PublicKeyToken=b03f5f7f11d50a3a" className="TestServices.SupplierSvcADOImplTest, TestServices, Version=1.0.0.0, Culture=neutral, PublicKeyToken=null" name="AddSupplierTest" />
    </UnitTest>
    <UnitTest name="RemoveSupplierTest" storage="c:\groceryapp\testservices\bin\debug\testservices.dll" id="3cfe35ab-ea49-5bcb-5397-c416061f5d57">
      <TestMethod codeBase="C:/GroceryApp/TestServices/bin/Debug/TestServices.DLL" adapterTypeName="Microsoft.VisualStudio.TestTools.TestTypes.Unit.UnitTestAdapter, Microsoft.VisualStudio.QualityTools.Tips.UnitTest.Adapter, Version=10.0.0.0, Culture=neutral, PublicKeyToken=b03f5f7f11d50a3a" className="TestServices.SupplierSvcADOImplTest, TestServices, Version=1.0.0.0, Culture=neutral, PublicKeyToken=null" name="RemoveSupplierTest" />
    </UnitTest>
    <UnitTest name="SearchSupplierTest" storage="c:\groceryapp\testservices\bin\debug\testservices.dll" id="e1fb7790-5800-861e-e528-5a2ef6543492">
      <TestMethod codeBase="C:/GroceryApp/TestServices/bin/Debug/TestServices.DLL" adapterTypeName="Microsoft.VisualStudio.TestTools.TestTypes.Unit.UnitTestAdapter, Microsoft.VisualStudio.QualityTools.Tips.UnitTest.Adapter, Version=10.0.0.0, Culture=neutral, PublicKeyToken=b03f5f7f11d50a3a" className="TestServices.SupplierSvcADOImplTest, TestServices, Version=1.0.0.0, Culture=neutral, PublicKeyToken=null" name="SearchSupplierTest" />
    </UnitTest>
    <OrderedTest name="servicestestsuite" storage="c:\groceryapp\testservices\servicestestsuite.orderedtest" id="31cf9b58-aefa-4934-a1f8-89c7e2316dcd" continueAfterFailure="true">
      <Execution id="4ba7f4c4-fdf4-43c5-8f6c-375163c4c2c6" />
      <TestLinks>
        <TestLink id="d443d2a9-8e51-da8e-6e59-f1a9986abee8" name="AddSupplierTest" storage="bin\debug\testservices.dll" type="Microsoft.VisualStudio.TestTools.TestTypes.Unit.UnitTestElement, Microsoft.VisualStudio.QualityTools.Tips.UnitTest.ObjectModel, Version=10.0.0.0, Culture=neutral, PublicKeyToken=b03f5f7f11d50a3a" />
        <TestLink id="e1fb7790-5800-861e-e528-5a2ef6543492" name="SearchSupplierTest" storage="bin\debug\testservices.dll" type="Microsoft.VisualStudio.TestTools.TestTypes.Unit.UnitTestElement, Microsoft.VisualStudio.QualityTools.Tips.UnitTest.ObjectModel, Version=10.0.0.0, Culture=neutral, PublicKeyToken=b03f5f7f11d50a3a" />
        <TestLink id="f45a016b-4017-a952-4597-19322273f517" name="UpdateSupplierTest" storage="bin\debug\testservices.dll" type="Microsoft.VisualStudio.TestTools.TestTypes.Unit.UnitTestElement, Microsoft.VisualStudio.QualityTools.Tips.UnitTest.ObjectModel, Version=10.0.0.0, Culture=neutral, PublicKeyToken=b03f5f7f11d50a3a" />
        <TestLink id="3cfe35ab-ea49-5bcb-5397-c416061f5d57" name="RemoveSupplierTest" storage="bin\debug\testservices.dll" type="Microsoft.VisualStudio.TestTools.TestTypes.Unit.UnitTestElement, Microsoft.VisualStudio.QualityTools.Tips.UnitTest.ObjectModel, Version=10.0.0.0, Culture=neutral, PublicKeyToken=b03f5f7f11d50a3a" />
        <TestLink id="6ff62ea5-d0a5-9905-38ba-7c96f4e3b4fa" name="AddProductTest" storage="..\businesstest\bin\debug\businesstest.dll" type="Microsoft.VisualStudio.TestTools.TestTypes.Unit.UnitTestElement, Microsoft.VisualStudio.QualityTools.Tips.UnitTest.ObjectModel, Version=10.0.0.0, Culture=neutral, PublicKeyToken=b03f5f7f11d50a3a" />
        <TestLink id="3c0a04bd-ddc1-312c-eda1-0ed41a4b3b01" name="SearchProductTest" storage="..\businesstest\bin\debug\businesstest.dll" type="Microsoft.VisualStudio.TestTools.TestTypes.Unit.UnitTestElement, Microsoft.VisualStudio.QualityTools.Tips.UnitTest.ObjectModel, Version=10.0.0.0, Culture=neutral, PublicKeyToken=b03f5f7f11d50a3a" />
        <TestLink id="6143045e-d7b1-c3cf-6431-871ca4cbe173" name="UpdateProductTest" storage="..\businesstest\bin\debug\businesstest.dll" type="Microsoft.VisualStudio.TestTools.TestTypes.Unit.UnitTestElement, Microsoft.VisualStudio.QualityTools.Tips.UnitTest.ObjectModel, Version=10.0.0.0, Culture=neutral, PublicKeyToken=b03f5f7f11d50a3a" />
        <TestLink id="11468ab7-0a0d-5f63-ec65-4bfd24d50c15" name="RemoveProductTest" storage="..\businesstest\bin\debug\businesstest.dll" type="Microsoft.VisualStudio.TestTools.TestTypes.Unit.UnitTestElement, Microsoft.VisualStudio.QualityTools.Tips.UnitTest.ObjectModel, Version=10.0.0.0, Culture=neutral, PublicKeyToken=b03f5f7f11d50a3a" />
      </TestLinks>
    </OrderedTest>
    <UnitTest name="UpdateProductTest" storage="c:\groceryapp\businesstest\bin\debug\businesstest.dll" id="6143045e-d7b1-c3cf-6431-871ca4cbe173">
      <TestMethod codeBase="C:/GroceryApp/BusinessTest/bin/Debug/BusinessTest.DLL" adapterTypeName="Microsoft.VisualStudio.TestTools.TestTypes.Unit.UnitTestAdapter, Microsoft.VisualStudio.QualityTools.Tips.UnitTest.Adapter, Version=10.0.0.0, Culture=neutral, PublicKeyToken=b03f5f7f11d50a3a" className="BusinessTest.ProductMgrTest, BusinessTest, Version=1.0.0.0, Culture=neutral, PublicKeyToken=null" name="UpdateProductTest" />
    </UnitTest>
    <UnitTest name="SearchProductTest" storage="c:\groceryapp\businesstest\bin\debug\businesstest.dll" id="3c0a04bd-ddc1-312c-eda1-0ed41a4b3b01">
      <TestMethod codeBase="C:/GroceryApp/BusinessTest/bin/Debug/BusinessTest.DLL" adapterTypeName="Microsoft.VisualStudio.TestTools.TestTypes.Unit.UnitTestAdapter, Microsoft.VisualStudio.QualityTools.Tips.UnitTest.Adapter, Version=10.0.0.0, Culture=neutral, PublicKeyToken=b03f5f7f11d50a3a" className="BusinessTest.ProductMgrTest, BusinessTest, Version=1.0.0.0, Culture=neutral, PublicKeyToken=null" name="SearchProductTest" />
    </UnitTest>
    <UnitTest name="RemoveProductTest" storage="c:\groceryapp\businesstest\bin\debug\businesstest.dll" id="11468ab7-0a0d-5f63-ec65-4bfd24d50c15">
      <TestMethod codeBase="C:/GroceryApp/BusinessTest/bin/Debug/BusinessTest.DLL" adapterTypeName="Microsoft.VisualStudio.TestTools.TestTypes.Unit.UnitTestAdapter, Microsoft.VisualStudio.QualityTools.Tips.UnitTest.Adapter, Version=10.0.0.0, Culture=neutral, PublicKeyToken=b03f5f7f11d50a3a" className="BusinessTest.ProductMgrTest, BusinessTest, Version=1.0.0.0, Culture=neutral, PublicKeyToken=null" name="RemoveProductTest" />
    </UnitTest>
  </TestDefinitions>
  <TestLists>
    <TestList name="Results Not in a List" id="8c84fa94-04c1-424b-9868-57a2d4851a1d" />
    <TestList name="All Loaded Results" id="19431567-8539-422a-85d7-44ee4e166bda" />
  </TestLists>
  <TestEntries>
    <TestEntry testId="31cf9b58-aefa-4934-a1f8-89c7e2316dcd" executionId="4ba7f4c4-fdf4-43c5-8f6c-375163c4c2c6" testListId="8c84fa94-04c1-424b-9868-57a2d4851a1d">
      <TestEntries>
        <TestEntry testId="d443d2a9-8e51-da8e-6e59-f1a9986abee8" executionId="1c201519-3a7f-4a1f-aec6-543518492f31" parentExecutionId="4ba7f4c4-fdf4-43c5-8f6c-375163c4c2c6" testListId="8c84fa94-04c1-424b-9868-57a2d4851a1d" />
        <TestEntry testId="e1fb7790-5800-861e-e528-5a2ef6543492" executionId="7037a20d-2903-4713-870d-7e07c04f8d1a" parentExecutionId="4ba7f4c4-fdf4-43c5-8f6c-375163c4c2c6" testListId="8c84fa94-04c1-424b-9868-57a2d4851a1d" />
        <TestEntry testId="f45a016b-4017-a952-4597-19322273f517" executionId="b00bbf77-1284-4afd-b755-93eeb3858b3f" parentExecutionId="4ba7f4c4-fdf4-43c5-8f6c-375163c4c2c6" testListId="8c84fa94-04c1-424b-9868-57a2d4851a1d" />
        <TestEntry testId="3cfe35ab-ea49-5bcb-5397-c416061f5d57" executionId="22210006-6387-4254-a98e-0cd5e34016ee" parentExecutionId="4ba7f4c4-fdf4-43c5-8f6c-375163c4c2c6" testListId="8c84fa94-04c1-424b-9868-57a2d4851a1d" />
        <TestEntry testId="6ff62ea5-d0a5-9905-38ba-7c96f4e3b4fa" executionId="336d4ecb-c128-4ca8-aa51-1f5e171f7b8c" parentExecutionId="4ba7f4c4-fdf4-43c5-8f6c-375163c4c2c6" testListId="8c84fa94-04c1-424b-9868-57a2d4851a1d" />
        <TestEntry testId="3c0a04bd-ddc1-312c-eda1-0ed41a4b3b01" executionId="68cd4892-329a-4dd2-a49e-d0ba2c689364" parentExecutionId="4ba7f4c4-fdf4-43c5-8f6c-375163c4c2c6" testListId="8c84fa94-04c1-424b-9868-57a2d4851a1d" />
        <TestEntry testId="6143045e-d7b1-c3cf-6431-871ca4cbe173" executionId="1f196b43-39ed-4f2d-a3bc-336dcc130aea" parentExecutionId="4ba7f4c4-fdf4-43c5-8f6c-375163c4c2c6" testListId="8c84fa94-04c1-424b-9868-57a2d4851a1d" />
        <TestEntry testId="11468ab7-0a0d-5f63-ec65-4bfd24d50c15" executionId="972445ce-724c-4d46-b584-598da3d487c0" parentExecutionId="4ba7f4c4-fdf4-43c5-8f6c-375163c4c2c6" testListId="8c84fa94-04c1-424b-9868-57a2d4851a1d" />
      </TestEntries>
    </TestEntry>
  </TestEntries>
  <Results>
    <TestResultAggregation executionId="4ba7f4c4-fdf4-43c5-8f6c-375163c4c2c6" testId="31cf9b58-aefa-4934-a1f8-89c7e2316dcd" testName="servicestestsuite" computerName="IT-41C8711BE33B" duration="00:00:42.9256553" startTime="2012-11-25T22:17:32.6406250+02:00" endTime="2012-11-25T22:18:15.6250000+02:00" testType="ec4800e8-40e5-4ab3-8510-b8bf29b1904d" outcome="Failed" testListId="8c84fa94-04c1-424b-9868-57a2d4851a1d" relativeResultsDirectory="4ba7f4c4-fdf4-43c5-8f6c-375163c4c2c6">
      <Counters error="0" failed="1" timeout="0" aborted="0" inconclusive="0" passedButRunAborted="0" notRunnable="0" notExecuted="0" disconnected="0" warning="0" passed="7" completed="0" inProgress="0" pending="0" />
      <InnerResults>
        <UnitTestResult executionId="1c201519-3a7f-4a1f-aec6-543518492f31" parentExecutionId="4ba7f4c4-fdf4-43c5-8f6c-375163c4c2c6" testId="d443d2a9-8e51-da8e-6e59-f1a9986abee8" testName="AddSupplierTest" computerName="IT-41C8711BE33B" duration="00:00:09.3275122" startTime="2012-11-25T22:17:32.7031250+02:00" endTime="2012-11-25T22:17:48.7500000+02:00" testType="13cdc9d9-ddb5-4fa4-a97d-d965ccfc6d4b" outcome="Failed" testListId="8c84fa94-04c1-424b-9868-57a2d4851a1d" relativeResultsDirectory="1c201519-3a7f-4a1f-aec6-543518492f31">
          <Output>
            <ErrorInfo>
              <Message>Assert.Fail failed. System.Data.Entity.Infrastructure.DbUpdateException: An error occurred while updating the entries. See the inner exception for details. ---&gt; System.Data.UpdateException: An error occurred while updating the entries. See the inner exception for details. ---&gt; System.Data.SqlClient.SqlException: Violation of PRIMARY KEY constraint 'PK__Supplier__44BE981A5224328E'. Cannot insert duplicate key in object 'dbo.Suppliers'. The duplicate key value is (RIBI-100).
The statement has been terminated.
   at System.Data.SqlClient.SqlConnection.OnError(SqlException exception, Boolean breakConnection)
   at System.Data.SqlClient.SqlInternalConnection.OnError(SqlException exception, Boolean breakConnection)
   at System.Data.SqlClient.TdsParser.ThrowExceptionAndWarning()
   at System.Data.SqlClient.TdsParser.Run(RunBehavior runBehavior, SqlCommand cmdHandler, SqlDataReader dataStream, BulkCopySimpleResultSet bulkCopyHandler, TdsParserStateObject stateObj)
   at System.Data.SqlClient.SqlCommand.FinishExecuteReader(SqlDataReader ds, RunBehavior runBehavior, String resetOptionsString)
   at System.Data.SqlClient.SqlCommand.RunExecuteReaderTds(CommandBehavior cmdBehavior, RunBehavior runBehavior, Boolean returnStream, Boolean async)
   at System.Data.SqlClient.SqlCommand.RunExecuteReader(CommandBehavior cmdBehavior, RunBehavior runBehavior, Boolean returnStream, String method, DbAsyncResult result)
   at System.Data.SqlClient.SqlCommand.InternalExecuteNonQuery(DbAsyncResult result, String methodName, Boolean sendToPipe)
   at System.Data.SqlClient.SqlCommand.ExecuteNonQuery()
   at System.Data.Mapping.Update.Internal.DynamicUpdateCommand.Execute(UpdateTranslator translator, EntityConnection connection, Dictionary`2 identifierValues, List`1 generatedValues)
   at System.Data.Mapping.Update.Internal.UpdateTranslator.Update(IEntityStateManager stateManager, IEntityAdapter adapter)
   --- End of inner exception stack trace ---
   at System.Data.Mapping.Update.Internal.UpdateTranslator.Update(IEntityStateManager stateManager, IEntityAdapter adapter)
   at System.Data.EntityClient.EntityAdapter.Update(IEntityStateManager entityCache)
   at System.Data.Objects.ObjectContext.SaveChanges(SaveOptions options)
   at System.Data.Entity.Internal.InternalContext.SaveChanges()
   --- End of inner exception stack trace ---
   at System.Data.Entity.Internal.InternalContext.SaveChanges()
   at System.Data.Entity.Internal.LazyInternalContext.SaveChanges()
   at System.Data.Entity.DbContext.SaveChanges()
   at GroceryApp.Models.Services.SupplierSvcADOImpl.AddSupplier(Supplier supplier) in C:\GroceryApp\GroceryApp\Models\Services\SupplierSvcADOImpl.cs:line 20
   at TestServices.SupplierSvcADOImplTest.AddSupplierTest() in C:\GroceryApp\TestServices\SupplierSvcADOImplTest.cs:line 87</Message>
              <StackTrace>   at TestServices.SupplierSvcADOImplTest.AddSupplierTest() in C:\GroceryApp\TestServices\SupplierSvcADOImplTest.cs:line 92
</StackTrace>
            </ErrorInfo>
          </Output>
        </UnitTestResult>
        <UnitTestResult executionId="7037a20d-2903-4713-870d-7e07c04f8d1a" parentExecutionId="4ba7f4c4-fdf4-43c5-8f6c-375163c4c2c6" testId="e1fb7790-5800-861e-e528-5a2ef6543492" testName="SearchSupplierTest" computerName="IT-41C8711BE33B" duration="00:00:00.3349199" startTime="2012-11-25T22:17:48.7500000+02:00" endTime="2012-11-25T22:17:49.7500000+02:00" testType="13cdc9d9-ddb5-4fa4-a97d-d965ccfc6d4b" outcome="Passed" testListId="8c84fa94-04c1-424b-9868-57a2d4851a1d" relativeResultsDirectory="7037a20d-2903-4713-870d-7e07c04f8d1a">
          <Output>
          </Output>
        </UnitTestResult>
        <UnitTestResult executionId="b00bbf77-1284-4afd-b755-93eeb3858b3f" parentExecutionId="4ba7f4c4-fdf4-43c5-8f6c-375163c4c2c6" testId="f45a016b-4017-a952-4597-19322273f517" testName="UpdateSupplierTest" computerName="IT-41C8711BE33B" duration="00:00:00.7063802" startTime="2012-11-25T22:17:49.7500000+02:00" endTime="2012-11-25T22:17:50.5781250+02:00" testType="13cdc9d9-ddb5-4fa4-a97d-d965ccfc6d4b" outcome="Passed" testListId="8c84fa94-04c1-424b-9868-57a2d4851a1d" relativeResultsDirectory="b00bbf77-1284-4afd-b755-93eeb3858b3f">
          <Output>
          </Output>
        </UnitTestResult>
        <UnitTestResult executionId="22210006-6387-4254-a98e-0cd5e34016ee" parentExecutionId="4ba7f4c4-fdf4-43c5-8f6c-375163c4c2c6" testId="3cfe35ab-ea49-5bcb-5397-c416061f5d57" testName="RemoveSupplierTest" computerName="IT-41C8711BE33B" duration="00:00:00.6022790" startTime="2012-11-25T22:17:50.5781250+02:00" endTime="2012-11-25T22:17:51.4062500+02:00" testType="13cdc9d9-ddb5-4fa4-a97d-d965ccfc6d4b" outcome="Passed" testListId="8c84fa94-04c1-424b-9868-57a2d4851a1d" relativeResultsDirectory="22210006-6387-4254-a98e-0cd5e34016ee">
          <Output>
          </Output>
        </UnitTestResult>
        <UnitTestResult executionId="336d4ecb-c128-4ca8-aa51-1f5e171f7b8c" parentExecutionId="4ba7f4c4-fdf4-43c5-8f6c-375163c4c2c6" testId="6ff62ea5-d0a5-9905-38ba-7c96f4e3b4fa" testName="AddProductTest" computerName="IT-41C8711BE33B" duration="00:00:09.3204465" startTime="2012-11-25T22:17:51.4062500+02:00" endTime="2012-11-25T22:18:06.0312500+02:00" testType="13cdc9d9-ddb5-4fa4-a97d-d965ccfc6d4b" outcome="Passed" testListId="8c84fa94-04c1-424b-9868-57a2d4851a1d" relativeResultsDirectory="336d4ecb-c128-4ca8-aa51-1f5e171f7b8c">
          <Output>
          </Output>
        </UnitTestResult>
        <UnitTestResult executionId="68cd4892-329a-4dd2-a49e-d0ba2c689364" parentExecutionId="4ba7f4c4-fdf4-43c5-8f6c-375163c4c2c6" testId="3c0a04bd-ddc1-312c-eda1-0ed41a4b3b01" testName="SearchProductTest" computerName="IT-41C8711BE33B" duration="00:00:00.4072000" startTime="2012-11-25T22:18:06.0312500+02:00" endTime="2012-11-25T22:18:07.2500000+02:00" testType="13cdc9d9-ddb5-4fa4-a97d-d965ccfc6d4b" outcome="Passed" testListId="8c84fa94-04c1-424b-9868-57a2d4851a1d" relativeResultsDirectory="68cd4892-329a-4dd2-a49e-d0ba2c689364">
          <Output>
          </Output>
        </UnitTestResult>
        <UnitTestResult executionId="1f196b43-39ed-4f2d-a3bc-336dcc130aea" parentExecutionId="4ba7f4c4-fdf4-43c5-8f6c-375163c4c2c6" testId="6143045e-d7b1-c3cf-6431-871ca4cbe173" testName="UpdateProductTest" computerName="IT-41C8711BE33B" duration="00:00:00.6235365" startTime="2012-11-25T22:18:07.2500000+02:00" endTime="2012-11-25T22:18:12.7500000+02:00" testType="13cdc9d9-ddb5-4fa4-a97d-d965ccfc6d4b" outcome="Passed" testListId="8c84fa94-04c1-424b-9868-57a2d4851a1d" relativeResultsDirectory="1f196b43-39ed-4f2d-a3bc-336dcc130aea">
          <Output>
          </Output>
        </UnitTestResult>
        <UnitTestResult executionId="972445ce-724c-4d46-b584-598da3d487c0" parentExecutionId="4ba7f4c4-fdf4-43c5-8f6c-375163c4c2c6" testId="11468ab7-0a0d-5f63-ec65-4bfd24d50c15" testName="RemoveProductTest" computerName="IT-41C8711BE33B" duration="00:00:00.7585397" startTime="2012-11-25T22:18:12.7812500+02:00" endTime="2012-11-25T22:18:15.6250000+02:00" testType="13cdc9d9-ddb5-4fa4-a97d-d965ccfc6d4b" outcome="Passed" testListId="8c84fa94-04c1-424b-9868-57a2d4851a1d" relativeResultsDirectory="972445ce-724c-4d46-b584-598da3d487c0">
          <Output>
          </Output>
        </UnitTestResult>
      </InnerResults>
    </TestResultAggregation>
  </Results>
</TestRun>