<?xml version="1.0" encoding="UTF-8"?>
<TestRun id="b681f157-ad06-4f34-8fff-39fed3bcb3bf" name="Administrator@IT-41C8711BE33B 2012-11-21 22:32:51" runUser="IT-41C8711BE33B\Administrator" xmlns="http://microsoft.com/schemas/VisualStudio/TeamTest/2010">
  <TestSettings name="Local" id="e96b331a-14e7-443c-a343-adc2a1a24a0b">
    <Description>These are default test settings for a local test run.</Description>
    <Deployment enabled="false" runDeploymentRoot="Administrator_IT-41C8711BE33B 2012-11-21 22_32_51">
      <DeploymentItem filename="C:\GroceryApp\packages\TelerikMvcExtensions.2011.1.315\lib\net40\Telerik.Web.Mvc.dll" />
      <DeploymentItem filename="C:\GroceryApp\packages\EntityFramework.5.0.0\lib\net40\EntityFramework.dll" />
      <DeploymentItem filename="C:\GroceryApp\GroceryApp\bin\GroceryApp.dll" />
    </Deployment>
    <Execution>
      <TestTypeSpecific />
      <AgentRule name="Execution Agents">
      </AgentRule>
    </Execution>
  </TestSettings>
  <Times creation="2012-11-21T22:32:51.0460000+02:00" queuing="2012-11-21T22:32:51.2022500+02:00" start="2012-11-21T22:32:51.2335000+02:00" finish="2012-11-21T22:32:56.7178750+02:00" />
  <ResultSummary outcome="Completed">
    <Counters total="1" executed="1" passed="1" error="0" failed="0" timeout="0" aborted="0" inconclusive="0" passedButRunAborted="0" notRunnable="0" notExecuted="0" disconnected="0" warning="0" completed="0" inProgress="0" pending="0" />
  </ResultSummary>
  <TestDefinitions>
    <UnitTest name="AddSupplierTest" storage="c:\groceryapp\businesstest\bin\debug\businesstest.dll" id="5cc27fd9-8ed9-8a57-cf1d-36e5e2bb132c">
      <Execution id="29d8e7c6-a97a-4f51-a4e8-1817f7c9eeb1" />
      <TestMethod codeBase="C:/GroceryApp/BusinessTest/bin/Debug/BusinessTest.DLL" adapterTypeName="Microsoft.VisualStudio.TestTools.TestTypes.Unit.UnitTestAdapter, Microsoft.VisualStudio.QualityTools.Tips.UnitTest.Adapter, Version=10.0.0.0, Culture=neutral, PublicKeyToken=b03f5f7f11d50a3a" className="BusinessTest.SupplierMgrTest, BusinessTest, Version=1.0.0.0, Culture=neutral, PublicKeyToken=null" name="AddSupplierTest" />
    </UnitTest>
  </TestDefinitions>
  <TestLists>
    <TestList name="Results Not in a List" id="8c84fa94-04c1-424b-9868-57a2d4851a1d" />
    <TestList name="All Loaded Results" id="19431567-8539-422a-85d7-44ee4e166bda" />
  </TestLists>
  <TestEntries>
    <TestEntry testId="5cc27fd9-8ed9-8a57-cf1d-36e5e2bb132c" executionId="29d8e7c6-a97a-4f51-a4e8-1817f7c9eeb1" testListId="8c84fa94-04c1-424b-9868-57a2d4851a1d" />
  </TestEntries>
  <Results>
    <UnitTestResult executionId="29d8e7c6-a97a-4f51-a4e8-1817f7c9eeb1" testId="5cc27fd9-8ed9-8a57-cf1d-36e5e2bb132c" testName="AddSupplierTest" computerName="IT-41C8711BE33B" duration="00:00:04.1798155" startTime="2012-11-21T22:32:51.2803750+02:00" endTime="2012-11-21T22:32:56.5303750+02:00" testType="13cdc9d9-ddb5-4fa4-a97d-d965ccfc6d4b" outcome="Passed" testListId="8c84fa94-04c1-424b-9868-57a2d4851a1d" relativeResultsDirectory="29d8e7c6-a97a-4f51-a4e8-1817f7c9eeb1">
    </UnitTestResult>
  </Results>
</TestRun>