<?xml version="1.0" encoding="UTF-8"?>
<TestRun id="969e9017-ad72-40c0-b3c6-b58733458735" name="Administrator@IT-41C8711BE33B 2012-11-17 21:21:53" runUser="IT-41C8711BE33B\Administrator" xmlns="http://microsoft.com/schemas/VisualStudio/TeamTest/2010">
  <TestSettings name="Local" id="e96b331a-14e7-443c-a343-adc2a1a24a0b">
    <Description>These are default test settings for a local test run.</Description>
    <Deployment enabled="false" runDeploymentRoot="Administrator_IT-41C8711BE33B 2012-11-17 21_21_53">
      <DeploymentItem filename="C:\GroceryApp\packages\TelerikMvcExtensions.2011.1.315\lib\net40\Telerik.Web.Mvc.dll" />
      <DeploymentItem filename="C:\GroceryApp\packages\EntityFramework.5.0.0\lib\net40\EntityFramework.dll" />
      <DeploymentItem filename="C:\GroceryApp\GroceryApp\bin\GroceryApp.dll" />
    </Deployment>
    <Execution>
      <TestTypeSpecific />
      <AgentRule name="Execution Agents">
      </AgentRule>
    </Execution>
  </TestSettings>
  <Times creation="2012-11-17T21:21:53.9991250+02:00" queuing="2012-11-17T21:21:54.0616250+02:00" start="2012-11-17T21:21:54.2647500+02:00" finish="2012-11-17T21:22:00.4522500+02:00" />
  <ResultSummary outcome="Failed">
    <Counters total="9" executed="9" passed="5" error="0" failed="4" timeout="0" aborted="0" inconclusive="0" passedButRunAborted="0" notRunnable="0" notExecuted="0" disconnected="0" warning="0" completed="0" inProgress="0" pending="0" />
  </ResultSummary>
  <TestDefinitions>
    <UnitTest name="SearchSupplierTest" storage="c:\groceryapp\businesstest\bin\debug\businesstest.dll" id="bf017ad6-4f60-c2c3-891a-71955203f803">
      <TestMethod codeBase="C:/GroceryApp/BusinessTest/bin/Debug/BusinessTest.DLL" adapterTypeName="Microsoft.VisualStudio.TestTools.TestTypes.Unit.UnitTestAdapter, Microsoft.VisualStudio.QualityTools.Tips.UnitTest.Adapter, Version=10.0.0.0, Culture=neutral, PublicKeyToken=b03f5f7f11d50a3a" className="BusinessTest.SupplierMgrTest, BusinessTest, Version=1.0.0.0, Culture=neutral, PublicKeyToken=null" name="SearchSupplierTest" />
    </UnitTest>
    <UnitTest name="AddProductTest" storage="c:\groceryapp\businesstest\bin\debug\businesstest.dll" id="6ff62ea5-d0a5-9905-38ba-7c96f4e3b4fa">
      <TestMethod codeBase="C:/GroceryApp/BusinessTest/bin/Debug/BusinessTest.DLL" adapterTypeName="Microsoft.VisualStudio.TestTools.TestTypes.Unit.UnitTestAdapter, Microsoft.VisualStudio.QualityTools.Tips.UnitTest.Adapter, Version=10.0.0.0, Culture=neutral, PublicKeyToken=b03f5f7f11d50a3a" className="BusinessTest.ProductMgrTest, BusinessTest, Version=1.0.0.0, Culture=neutral, PublicKeyToken=null" name="AddProductTest" />
    </UnitTest>
    <OrderedTest name="BusinessTestSuite" storage="c:\groceryapp\businesstest\businesstestsuite.orderedtest" id="8f19a129-8be8-4c1e-bc73-167c517fc37e" continueAfterFailure="true">
      <Execution id="af3a00b0-7b69-4223-9130-fb8409f24a51" />
      <TestLinks>
        <TestLink id="5cc27fd9-8ed9-8a57-cf1d-36e5e2bb132c" name="AddSupplierTest" storage="bin\debug\businesstest.dll" type="Microsoft.VisualStudio.TestTools.TestTypes.Unit.UnitTestElement, Microsoft.VisualStudio.QualityTools.Tips.UnitTest.ObjectModel, Version=10.0.0.0, Culture=neutral, PublicKeyToken=b03f5f7f11d50a3a" />
        <TestLink id="bf017ad6-4f60-c2c3-891a-71955203f803" name="SearchSupplierTest" storage="bin\debug\businesstest.dll" type="Microsoft.VisualStudio.TestTools.TestTypes.Unit.UnitTestElement, Microsoft.VisualStudio.QualityTools.Tips.UnitTest.ObjectModel, Version=10.0.0.0, Culture=neutral, PublicKeyToken=b03f5f7f11d50a3a" />
        <TestLink id="c190ac50-fd1e-c1ad-24e1-3c13826758a2" name="UpdateSupplierTest" storage="bin\debug\businesstest.dll" type="Microsoft.VisualStudio.TestTools.TestTypes.Unit.UnitTestElement, Microsoft.VisualStudio.QualityTools.Tips.UnitTest.ObjectModel, Version=10.0.0.0, Culture=neutral, PublicKeyToken=b03f5f7f11d50a3a" />
        <TestLink id="a4cff782-8c19-6d5d-f4c8-d1ae28419562" name="RemoveSupplierTest" storage="bin\debug\businesstest.dll" type="Microsoft.VisualStudio.TestTools.TestTypes.Unit.UnitTestElement, Microsoft.VisualStudio.QualityTools.Tips.UnitTest.ObjectModel, Version=10.0.0.0, Culture=neutral, PublicKeyToken=b03f5f7f11d50a3a" />
        <TestLink id="6ff62ea5-d0a5-9905-38ba-7c96f4e3b4fa" name="AddProductTest" storage="bin\debug\businesstest.dll" type="Microsoft.VisualStudio.TestTools.TestTypes.Unit.UnitTestElement, Microsoft.VisualStudio.QualityTools.Tips.UnitTest.ObjectModel, Version=10.0.0.0, Culture=neutral, PublicKeyToken=b03f5f7f11d50a3a" />
        <TestLink id="3c0a04bd-ddc1-312c-eda1-0ed41a4b3b01" name="SearchProductTest" storage="bin\debug\businesstest.dll" type="Microsoft.VisualStudio.TestTools.TestTypes.Unit.UnitTestElement, Microsoft.VisualStudio.QualityTools.Tips.UnitTest.ObjectModel, Version=10.0.0.0, Culture=neutral, PublicKeyToken=b03f5f7f11d50a3a" />
        <TestLink id="6143045e-d7b1-c3cf-6431-871ca4cbe173" name="UpdateProductTest" storage="bin\debug\businesstest.dll" type="Microsoft.VisualStudio.TestTools.TestTypes.Unit.UnitTestElement, Microsoft.VisualStudio.QualityTools.Tips.UnitTest.ObjectModel, Version=10.0.0.0, Culture=neutral, PublicKeyToken=b03f5f7f11d50a3a" />
        <TestLink id="11468ab7-0a0d-5f63-ec65-4bfd24d50c15" name="RemoveProductTest" storage="bin\debug\businesstest.dll" type="Microsoft.VisualStudio.TestTools.TestTypes.Unit.UnitTestElement, Microsoft.VisualStudio.QualityTools.Tips.UnitTest.ObjectModel, Version=10.0.0.0, Culture=neutral, PublicKeyToken=b03f5f7f11d50a3a" />
      </TestLinks>
    </OrderedTest>
    <UnitTest name="AddSupplierTest" storage="c:\groceryapp\businesstest\bin\debug\businesstest.dll" id="5cc27fd9-8ed9-8a57-cf1d-36e5e2bb132c">
      <TestMethod codeBase="C:/GroceryApp/BusinessTest/bin/Debug/BusinessTest.DLL" adapterTypeName="Microsoft.VisualStudio.TestTools.TestTypes.Unit.UnitTestAdapter, Microsoft.VisualStudio.QualityTools.Tips.UnitTest.Adapter, Version=10.0.0.0, Culture=neutral, PublicKeyToken=b03f5f7f11d50a3a" className="BusinessTest.SupplierMgrTest, BusinessTest, Version=1.0.0.0, Culture=neutral, PublicKeyToken=null" name="AddSupplierTest" />
    </UnitTest>
    <UnitTest name="UpdateSupplierTest" storage="c:\groceryapp\businesstest\bin\debug\businesstest.dll" id="c190ac50-fd1e-c1ad-24e1-3c13826758a2">
      <TestMethod codeBase="C:/GroceryApp/BusinessTest/bin/Debug/BusinessTest.DLL" adapterTypeName="Microsoft.VisualStudio.TestTools.TestTypes.Unit.UnitTestAdapter, Microsoft.VisualStudio.QualityTools.Tips.UnitTest.Adapter, Version=10.0.0.0, Culture=neutral, PublicKeyToken=b03f5f7f11d50a3a" className="BusinessTest.SupplierMgrTest, BusinessTest, Version=1.0.0.0, Culture=neutral, PublicKeyToken=null" name="UpdateSupplierTest" />
    </UnitTest>
    <UnitTest name="RemoveSupplierTest" storage="c:\groceryapp\businesstest\bin\debug\businesstest.dll" id="a4cff782-8c19-6d5d-f4c8-d1ae28419562">
      <TestMethod codeBase="C:/GroceryApp/BusinessTest/bin/Debug/BusinessTest.DLL" adapterTypeName="Microsoft.VisualStudio.TestTools.TestTypes.Unit.UnitTestAdapter, Microsoft.VisualStudio.QualityTools.Tips.UnitTest.Adapter, Version=10.0.0.0, Culture=neutral, PublicKeyToken=b03f5f7f11d50a3a" className="BusinessTest.SupplierMgrTest, BusinessTest, Version=1.0.0.0, Culture=neutral, PublicKeyToken=null" name="RemoveSupplierTest" />
    </UnitTest>
    <UnitTest name="UpdateProductTest" storage="c:\groceryapp\businesstest\bin\debug\businesstest.dll" id="6143045e-d7b1-c3cf-6431-871ca4cbe173">
      <TestMethod codeBase="C:/GroceryApp/BusinessTest/bin/Debug/BusinessTest.DLL" adapterTypeName="Microsoft.VisualStudio.TestTools.TestTypes.Unit.UnitTestAdapter, Microsoft.VisualStudio.QualityTools.Tips.UnitTest.Adapter, Version=10.0.0.0, Culture=neutral, PublicKeyToken=b03f5f7f11d50a3a" className="BusinessTest.ProductMgrTest, BusinessTest, Version=1.0.0.0, Culture=neutral, PublicKeyToken=null" name="UpdateProductTest" />
    </UnitTest>
    <UnitTest name="SearchProductTest" storage="c:\groceryapp\businesstest\bin\debug\businesstest.dll" id="3c0a04bd-ddc1-312c-eda1-0ed41a4b3b01">
      <TestMethod codeBase="C:/GroceryApp/BusinessTest/bin/Debug/BusinessTest.DLL" adapterTypeName="Microsoft.VisualStudio.TestTools.TestTypes.Unit.UnitTestAdapter, Microsoft.VisualStudio.QualityTools.Tips.UnitTest.Adapter, Version=10.0.0.0, Culture=neutral, PublicKeyToken=b03f5f7f11d50a3a" className="BusinessTest.ProductMgrTest, BusinessTest, Version=1.0.0.0, Culture=neutral, PublicKeyToken=null" name="SearchProductTest" />
    </UnitTest>
    <UnitTest name="RemoveProductTest" storage="c:\groceryapp\businesstest\bin\debug\businesstest.dll" id="11468ab7-0a0d-5f63-ec65-4bfd24d50c15">
      <TestMethod codeBase="C:/GroceryApp/BusinessTest/bin/Debug/BusinessTest.DLL" adapterTypeName="Microsoft.VisualStudio.TestTools.TestTypes.Unit.UnitTestAdapter, Microsoft.VisualStudio.QualityTools.Tips.UnitTest.Adapter, Version=10.0.0.0, Culture=neutral, PublicKeyToken=b03f5f7f11d50a3a" className="BusinessTest.ProductMgrTest, BusinessTest, Version=1.0.0.0, Culture=neutral, PublicKeyToken=null" name="RemoveProductTest" />
    </UnitTest>
  </TestDefinitions>
  <TestLists>
    <TestList name="Results Not in a List" id="8c84fa94-04c1-424b-9868-57a2d4851a1d" />
    <TestList name="All Loaded Results" id="19431567-8539-422a-85d7-44ee4e166bda" />
  </TestLists>
  <TestEntries>
    <TestEntry testId="8f19a129-8be8-4c1e-bc73-167c517fc37e" executionId="af3a00b0-7b69-4223-9130-fb8409f24a51" testListId="8c84fa94-04c1-424b-9868-57a2d4851a1d">
      <TestEntries>
        <TestEntry testId="5cc27fd9-8ed9-8a57-cf1d-36e5e2bb132c" executionId="7bfd32c2-02ea-47ef-9d7a-4024a76d972b" parentExecutionId="af3a00b0-7b69-4223-9130-fb8409f24a51" testListId="8c84fa94-04c1-424b-9868-57a2d4851a1d" />
        <TestEntry testId="bf017ad6-4f60-c2c3-891a-71955203f803" executionId="ff2399e6-5b93-4b6a-b1d8-246ada9ae3ba" parentExecutionId="af3a00b0-7b69-4223-9130-fb8409f24a51" testListId="8c84fa94-04c1-424b-9868-57a2d4851a1d" />
        <TestEntry testId="c190ac50-fd1e-c1ad-24e1-3c13826758a2" executionId="3129d244-bd2e-4d94-8077-9abde71a62b8" parentExecutionId="af3a00b0-7b69-4223-9130-fb8409f24a51" testListId="8c84fa94-04c1-424b-9868-57a2d4851a1d" />
        <TestEntry testId="a4cff782-8c19-6d5d-f4c8-d1ae28419562" executionId="8bc09b54-d892-4adc-85b8-1c153225dfef" parentExecutionId="af3a00b0-7b69-4223-9130-fb8409f24a51" testListId="8c84fa94-04c1-424b-9868-57a2d4851a1d" />
        <TestEntry testId="6ff62ea5-d0a5-9905-38ba-7c96f4e3b4fa" executionId="b98d760b-5173-4ed5-8599-68d274fd1ccb" parentExecutionId="af3a00b0-7b69-4223-9130-fb8409f24a51" testListId="8c84fa94-04c1-424b-9868-57a2d4851a1d" />
        <TestEntry testId="3c0a04bd-ddc1-312c-eda1-0ed41a4b3b01" executionId="e8bce159-245f-47d8-9cb5-4610df0ff069" parentExecutionId="af3a00b0-7b69-4223-9130-fb8409f24a51" testListId="8c84fa94-04c1-424b-9868-57a2d4851a1d" />
        <TestEntry testId="6143045e-d7b1-c3cf-6431-871ca4cbe173" executionId="97074424-f566-44bb-8036-0ac5fcf6cac0" parentExecutionId="af3a00b0-7b69-4223-9130-fb8409f24a51" testListId="8c84fa94-04c1-424b-9868-57a2d4851a1d" />
        <TestEntry testId="11468ab7-0a0d-5f63-ec65-4bfd24d50c15" executionId="757bfb8c-4d11-419d-bc6c-8689a7adf00a" parentExecutionId="af3a00b0-7b69-4223-9130-fb8409f24a51" testListId="8c84fa94-04c1-424b-9868-57a2d4851a1d" />
      </TestEntries>
    </TestEntry>
  </TestEntries>
  <Results>
    <TestResultAggregation executionId="af3a00b0-7b69-4223-9130-fb8409f24a51" testId="8f19a129-8be8-4c1e-bc73-167c517fc37e" testName="BusinessTestSuite" computerName="IT-41C8711BE33B" duration="00:00:05.3517826" startTime="2012-11-17T21:21:54.7335000+02:00" endTime="2012-11-17T21:22:00.1241250+02:00" testType="ec4800e8-40e5-4ab3-8510-b8bf29b1904d" outcome="Failed" testListId="8c84fa94-04c1-424b-9868-57a2d4851a1d" relativeResultsDirectory="af3a00b0-7b69-4223-9130-fb8409f24a51">
      <Counters error="0" failed="3" timeout="0" aborted="0" inconclusive="0" passedButRunAborted="0" notRunnable="0" notExecuted="0" disconnected="0" warning="0" passed="5" completed="0" inProgress="0" pending="0" />
      <InnerResults>
        <UnitTestResult executionId="7bfd32c2-02ea-47ef-9d7a-4024a76d972b" parentExecutionId="af3a00b0-7b69-4223-9130-fb8409f24a51" testId="5cc27fd9-8ed9-8a57-cf1d-36e5e2bb132c" testName="AddSupplierTest" computerName="IT-41C8711BE33B" duration="00:00:03.6581434" startTime="2012-11-17T21:21:54.7647500+02:00" endTime="2012-11-17T21:21:59.3741250+02:00" testType="13cdc9d9-ddb5-4fa4-a97d-d965ccfc6d4b" outcome="Failed" testListId="8c84fa94-04c1-424b-9868-57a2d4851a1d" relativeResultsDirectory="7bfd32c2-02ea-47ef-9d7a-4024a76d972b">
          <Output>
            <ErrorInfo>
              <Message>Test method BusinessTest.SupplierMgrTest.AddSupplierTest threw exception: 
System.Data.Entity.Infrastructure.DbUpdateException: An error occurred while updating the entries. See the inner exception for details. ---&gt; System.Data.UpdateException: An error occurred while updating the entries. See the inner exception for details. ---&gt; System.Data.SqlClient.SqlException: Violation of PRIMARY KEY constraint 'PK_dbo.Suppliers'. Cannot insert duplicate key in object 'dbo.Suppliers'.
The statement has been terminated.</Message>
              <StackTrace>    at System.Data.SqlClient.SqlConnection.OnError(SqlException exception, Boolean breakConnection)
   at System.Data.SqlClient.SqlInternalConnection.OnError(SqlException exception, Boolean breakConnection)
   at System.Data.SqlClient.TdsParser.ThrowExceptionAndWarning()
   at System.Data.SqlClient.TdsParser.Run(RunBehavior runBehavior, SqlCommand cmdHandler, SqlDataReader dataStream, BulkCopySimpleResultSet bulkCopyHandler, TdsParserStateObject stateObj)
   at System.Data.SqlClient.SqlCommand.FinishExecuteReader(SqlDataReader ds, RunBehavior runBehavior, String resetOptionsString)
   at System.Data.SqlClient.SqlCommand.RunExecuteReaderTds(CommandBehavior cmdBehavior, RunBehavior runBehavior, Boolean returnStream, Boolean async)
   at System.Data.SqlClient.SqlCommand.RunExecuteReader(CommandBehavior cmdBehavior, RunBehavior runBehavior, Boolean returnStream, String method, DbAsyncResult result)
   at System.Data.SqlClient.SqlCommand.InternalExecuteNonQuery(DbAsyncResult result, String methodName, Boolean sendToPipe)
   at System.Data.SqlClient.SqlCommand.ExecuteNonQuery()
   at System.Data.Mapping.Update.Internal.DynamicUpdateCommand.Execute(UpdateTranslator translator, EntityConnection connection, Dictionary`2 identifierValues, List`1 generatedValues)
   at System.Data.Mapping.Update.Internal.UpdateTranslator.Update(IEntityStateManager stateManager, IEntityAdapter adapter)
 --- End of inner exception stack trace ---
    at System.Data.Mapping.Update.Internal.UpdateTranslator.Update(IEntityStateManager stateManager, IEntityAdapter adapter)
   at System.Data.EntityClient.EntityAdapter.Update(IEntityStateManager entityCache)
   at System.Data.Objects.ObjectContext.SaveChanges(SaveOptions options)
   at System.Data.Entity.Internal.InternalContext.SaveChanges()
 --- End of inner exception stack trace ---
    at System.Data.Entity.Internal.InternalContext.SaveChanges()
   at System.Data.Entity.Internal.LazyInternalContext.SaveChanges()
   at System.Data.Entity.DbContext.SaveChanges()
   at GroceryApp.Models.Services.SupplierSvcADOImpl.AddSupplier(Supplier supplier) in C:\GroceryApp\GroceryApp\Models\Services\SupplierSvcADOImpl.cs:line 20
   at GroceryApp.Models.Business.SupplierMgr.AddSupplier(Supplier supplier) in C:\GroceryApp\GroceryApp\Models\Business\SupplierMgr.cs:line 19
   at BusinessTest.SupplierMgrTest.AddSupplierTest() in C:\GroceryApp\BusinessTest\SupplierMgrTest.cs:line 85
</StackTrace>
            </ErrorInfo>
          </Output>
        </UnitTestResult>
        <UnitTestResult executionId="ff2399e6-5b93-4b6a-b1d8-246ada9ae3ba" parentExecutionId="af3a00b0-7b69-4223-9130-fb8409f24a51" testId="bf017ad6-4f60-c2c3-891a-71955203f803" testName="SearchSupplierTest" computerName="IT-41C8711BE33B" duration="00:00:00.0731411" startTime="2012-11-17T21:21:59.3741250+02:00" endTime="2012-11-17T21:21:59.4991250+02:00" testType="13cdc9d9-ddb5-4fa4-a97d-d965ccfc6d4b" outcome="Passed" testListId="8c84fa94-04c1-424b-9868-57a2d4851a1d" relativeResultsDirectory="ff2399e6-5b93-4b6a-b1d8-246ada9ae3ba">
          <Output>
          </Output>
        </UnitTestResult>
        <UnitTestResult executionId="3129d244-bd2e-4d94-8077-9abde71a62b8" parentExecutionId="af3a00b0-7b69-4223-9130-fb8409f24a51" testId="c190ac50-fd1e-c1ad-24e1-3c13826758a2" testName="UpdateSupplierTest" computerName="IT-41C8711BE33B" duration="00:00:00.0689394" startTime="2012-11-17T21:21:59.4991250+02:00" endTime="2012-11-17T21:21:59.6085000+02:00" testType="13cdc9d9-ddb5-4fa4-a97d-d965ccfc6d4b" outcome="Passed" testListId="8c84fa94-04c1-424b-9868-57a2d4851a1d" relativeResultsDirectory="3129d244-bd2e-4d94-8077-9abde71a62b8">
          <Output>
          </Output>
        </UnitTestResult>
        <UnitTestResult executionId="8bc09b54-d892-4adc-85b8-1c153225dfef" parentExecutionId="af3a00b0-7b69-4223-9130-fb8409f24a51" testId="a4cff782-8c19-6d5d-f4c8-d1ae28419562" testName="RemoveSupplierTest" computerName="IT-41C8711BE33B" duration="00:00:00.0419461" startTime="2012-11-17T21:21:59.6085000+02:00" endTime="2012-11-17T21:21:59.6866250+02:00" testType="13cdc9d9-ddb5-4fa4-a97d-d965ccfc6d4b" outcome="Passed" testListId="8c84fa94-04c1-424b-9868-57a2d4851a1d" relativeResultsDirectory="8bc09b54-d892-4adc-85b8-1c153225dfef">
          <Output>
          </Output>
        </UnitTestResult>
        <UnitTestResult executionId="b98d760b-5173-4ed5-8599-68d274fd1ccb" parentExecutionId="af3a00b0-7b69-4223-9130-fb8409f24a51" testId="6ff62ea5-d0a5-9905-38ba-7c96f4e3b4fa" testName="AddProductTest" computerName="IT-41C8711BE33B" duration="00:00:00.1186128" startTime="2012-11-17T21:21:59.6866250+02:00" endTime="2012-11-17T21:21:59.8272500+02:00" testType="13cdc9d9-ddb5-4fa4-a97d-d965ccfc6d4b" outcome="Failed" testListId="8c84fa94-04c1-424b-9868-57a2d4851a1d" relativeResultsDirectory="b98d760b-5173-4ed5-8599-68d274fd1ccb">
          <Output>
            <ErrorInfo>
              <Message>Test method BusinessTest.ProductMgrTest.AddProductTest threw exception: 
System.Data.Entity.Infrastructure.DbUpdateException: An error occurred while updating the entries. See the inner exception for details. ---&gt; System.Data.UpdateException: An error occurred while updating the entries. See the inner exception for details. ---&gt; System.Data.SqlClient.SqlException: Violation of PRIMARY KEY constraint 'PK_dbo.Products'. Cannot insert duplicate key in object 'dbo.Products'.
The statement has been terminated.</Message>
              <StackTrace>    at System.Data.SqlClient.SqlConnection.OnError(SqlException exception, Boolean breakConnection)
   at System.Data.SqlClient.SqlInternalConnection.OnError(SqlException exception, Boolean breakConnection)
   at System.Data.SqlClient.TdsParser.ThrowExceptionAndWarning()
   at System.Data.SqlClient.TdsParser.Run(RunBehavior runBehavior, SqlCommand cmdHandler, SqlDataReader dataStream, BulkCopySimpleResultSet bulkCopyHandler, TdsParserStateObject stateObj)
   at System.Data.SqlClient.SqlCommand.FinishExecuteReader(SqlDataReader ds, RunBehavior runBehavior, String resetOptionsString)
   at System.Data.SqlClient.SqlCommand.RunExecuteReaderTds(CommandBehavior cmdBehavior, RunBehavior runBehavior, Boolean returnStream, Boolean async)
   at System.Data.SqlClient.SqlCommand.RunExecuteReader(CommandBehavior cmdBehavior, RunBehavior runBehavior, Boolean returnStream, String method, DbAsyncResult result)
   at System.Data.SqlClient.SqlCommand.InternalExecuteNonQuery(DbAsyncResult result, String methodName, Boolean sendToPipe)
   at System.Data.SqlClient.SqlCommand.ExecuteNonQuery()
   at System.Data.Mapping.Update.Internal.DynamicUpdateCommand.Execute(UpdateTranslator translator, EntityConnection connection, Dictionary`2 identifierValues, List`1 generatedValues)
   at System.Data.Mapping.Update.Internal.UpdateTranslator.Update(IEntityStateManager stateManager, IEntityAdapter adapter)
 --- End of inner exception stack trace ---
    at System.Data.Mapping.Update.Internal.UpdateTranslator.Update(IEntityStateManager stateManager, IEntityAdapter adapter)
   at System.Data.EntityClient.EntityAdapter.Update(IEntityStateManager entityCache)
   at System.Data.Objects.ObjectContext.SaveChanges(SaveOptions options)
   at System.Data.Entity.Internal.InternalContext.SaveChanges()
 --- End of inner exception stack trace ---
    at System.Data.Entity.Internal.InternalContext.SaveChanges()
   at System.Data.Entity.Internal.LazyInternalContext.SaveChanges()
   at System.Data.Entity.DbContext.SaveChanges()
   at GroceryApp.Models.Services.ProductSvcADOImpl.AddProduct(Product product) in C:\GroceryApp\GroceryApp\Models\Services\ProductSvcADOImpl.cs:line 34
   at GroceryApp.Models.Business.ProductMgr.AddProduct(Product product) in C:\GroceryApp\GroceryApp\Models\Business\ProductMgr.cs:line 26
   at BusinessTest.ProductMgrTest.AddProductTest() in C:\GroceryApp\BusinessTest\ProductMgrTest.cs:line 93
</StackTrace>
            </ErrorInfo>
          </Output>
        </UnitTestResult>
        <UnitTestResult executionId="e8bce159-245f-47d8-9cb5-4610df0ff069" parentExecutionId="af3a00b0-7b69-4223-9130-fb8409f24a51" testId="3c0a04bd-ddc1-312c-eda1-0ed41a4b3b01" testName="SearchProductTest" computerName="IT-41C8711BE33B" duration="00:00:00.1003418" startTime="2012-11-17T21:21:59.8272500+02:00" endTime="2012-11-17T21:21:59.9678750+02:00" testType="13cdc9d9-ddb5-4fa4-a97d-d965ccfc6d4b" outcome="Passed" testListId="8c84fa94-04c1-424b-9868-57a2d4851a1d" relativeResultsDirectory="e8bce159-245f-47d8-9cb5-4610df0ff069">
          <Output>
          </Output>
        </UnitTestResult>
        <UnitTestResult executionId="97074424-f566-44bb-8036-0ac5fcf6cac0" parentExecutionId="af3a00b0-7b69-4223-9130-fb8409f24a51" testId="6143045e-d7b1-c3cf-6431-871ca4cbe173" testName="UpdateProductTest" computerName="IT-41C8711BE33B" duration="00:00:00.0461494" startTime="2012-11-17T21:21:59.9678750+02:00" endTime="2012-11-17T21:22:00.0616250+02:00" testType="13cdc9d9-ddb5-4fa4-a97d-d965ccfc6d4b" outcome="Failed" testListId="8c84fa94-04c1-424b-9868-57a2d4851a1d" relativeResultsDirectory="97074424-f566-44bb-8036-0ac5fcf6cac0">
          <Output>
            <ErrorInfo>
              <Message>Test method BusinessTest.ProductMgrTest.UpdateProductTest threw exception: 
System.Data.Entity.Infrastructure.DbUpdateException: An error occurred while updating the entries. See the inner exception for details. ---&gt; System.Data.UpdateException: An error occurred while updating the entries. See the inner exception for details. ---&gt; System.Data.SqlClient.SqlException: The UPDATE statement conflicted with the FOREIGN KEY constraint "FK_dbo.Products_dbo.Units_UnitID". The conflict occurred in database "GroceryApp.Models.Services.GroceryDbContext", table "dbo.Units", column 'UnitID'.
The statement has been terminated.</Message>
              <StackTrace>    at System.Data.SqlClient.SqlConnection.OnError(SqlException exception, Boolean breakConnection)
   at System.Data.SqlClient.SqlInternalConnection.OnError(SqlException exception, Boolean breakConnection)
   at System.Data.SqlClient.TdsParser.ThrowExceptionAndWarning()
   at System.Data.SqlClient.TdsParser.Run(RunBehavior runBehavior, SqlCommand cmdHandler, SqlDataReader dataStream, BulkCopySimpleResultSet bulkCopyHandler, TdsParserStateObject stateObj)
   at System.Data.SqlClient.SqlCommand.FinishExecuteReader(SqlDataReader ds, RunBehavior runBehavior, String resetOptionsString)
   at System.Data.SqlClient.SqlCommand.RunExecuteReaderTds(CommandBehavior cmdBehavior, RunBehavior runBehavior, Boolean returnStream, Boolean async)
   at System.Data.SqlClient.SqlCommand.RunExecuteReader(CommandBehavior cmdBehavior, RunBehavior runBehavior, Boolean returnStream, String method, DbAsyncResult result)
   at System.Data.SqlClient.SqlCommand.InternalExecuteNonQuery(DbAsyncResult result, String methodName, Boolean sendToPipe)
   at System.Data.SqlClient.SqlCommand.ExecuteNonQuery()
   at System.Data.Mapping.Update.Internal.DynamicUpdateCommand.Execute(UpdateTranslator translator, EntityConnection connection, Dictionary`2 identifierValues, List`1 generatedValues)
   at System.Data.Mapping.Update.Internal.UpdateTranslator.Update(IEntityStateManager stateManager, IEntityAdapter adapter)
 --- End of inner exception stack trace ---
    at System.Data.Mapping.Update.Internal.UpdateTranslator.Update(IEntityStateManager stateManager, IEntityAdapter adapter)
   at System.Data.EntityClient.EntityAdapter.Update(IEntityStateManager entityCache)
   at System.Data.Objects.ObjectContext.SaveChanges(SaveOptions options)
   at System.Data.Entity.Internal.InternalContext.SaveChanges()
 --- End of inner exception stack trace ---
    at System.Data.Entity.Internal.InternalContext.SaveChanges()
   at System.Data.Entity.Internal.LazyInternalContext.SaveChanges()
   at System.Data.Entity.DbContext.SaveChanges()
   at GroceryApp.Models.Services.ProductSvcADOImpl.UpdateProduct(Product product) in C:\GroceryApp\GroceryApp\Models\Services\ProductSvcADOImpl.cs:line 54
   at GroceryApp.Models.Business.ProductMgr.UpdateProduct(Product product) in C:\GroceryApp\GroceryApp\Models\Business\ProductMgr.cs:line 75
   at BusinessTest.ProductMgrTest.UpdateProductTest() in C:\GroceryApp\BusinessTest\ProductMgrTest.cs:line 143
</StackTrace>
            </ErrorInfo>
          </Output>
        </UnitTestResult>
        <UnitTestResult executionId="757bfb8c-4d11-419d-bc6c-8689a7adf00a" parentExecutionId="af3a00b0-7b69-4223-9130-fb8409f24a51" testId="11468ab7-0a0d-5f63-ec65-4bfd24d50c15" testName="RemoveProductTest" computerName="IT-41C8711BE33B" duration="00:00:00.0361705" startTime="2012-11-17T21:22:00.0616250+02:00" endTime="2012-11-17T21:22:00.1241250+02:00" testType="13cdc9d9-ddb5-4fa4-a97d-d965ccfc6d4b" outcome="Passed" testListId="8c84fa94-04c1-424b-9868-57a2d4851a1d" relativeResultsDirectory="757bfb8c-4d11-419d-bc6c-8689a7adf00a">
          <Output>
          </Output>
        </UnitTestResult>
      </InnerResults>
    </TestResultAggregation>
  </Results>
</TestRun>