<?xml version="1.0" encoding="UTF-8"?>
<TestRun id="80c76c05-6a3d-4005-be8e-18869628dce2" name="Administrator@IT-41C8711BE33B 2012-11-10 22:18:30" runUser="IT-41C8711BE33B\Administrator" xmlns="http://microsoft.com/schemas/VisualStudio/TeamTest/2010">
  <TestSettings name="Local" id="e96b331a-14e7-443c-a343-adc2a1a24a0b">
    <Description>These are default test settings for a local test run.</Description>
    <Deployment enabled="false" runDeploymentRoot="Administrator_IT-41C8711BE33B 2012-11-10 22_18_30">
      <DeploymentItem filename="C:\GroceryApp\packages\TelerikMvcExtensions.2011.1.315\lib\net40\Telerik.Web.Mvc.dll" />
      <DeploymentItem filename="C:\GroceryApp\packages\EntityFramework.5.0.0\lib\net40\EntityFramework.dll" />
      <DeploymentItem filename="C:\GroceryApp\GroceryApp\bin\GroceryApp.dll" />
    </Deployment>
    <Execution>
      <TestTypeSpecific />
      <AgentRule name="Execution Agents">
      </AgentRule>
    </Execution>
  </TestSettings>
  <Times creation="2012-11-10T22:18:30.9062500+02:00" queuing="2012-11-10T22:18:31.0156250+02:00" start="2012-11-10T22:18:31.0781250+02:00" finish="2012-11-10T22:18:37.7500000+02:00" />
  <ResultSummary outcome="Failed">
    <Counters total="1" executed="1" error="0" failed="1" timeout="0" aborted="0" inconclusive="0" passedButRunAborted="0" notRunnable="0" notExecuted="0" disconnected="0" warning="0" passed="0" completed="0" inProgress="0" pending="0" />
  </ResultSummary>
  <TestDefinitions>
    <UnitTest name="UpdateProductTest" storage="c:\groceryapp\testservices\bin\debug\testservices.dll" id="cebfb09d-db86-66e1-f02d-51a7bbf774a8">
      <Execution id="b670e0ab-154c-4a2f-a2ff-3c5905d2653a" />
      <TestMethod codeBase="C:/GroceryApp/TestServices/bin/Debug/TestServices.DLL" adapterTypeName="Microsoft.VisualStudio.TestTools.TestTypes.Unit.UnitTestAdapter, Microsoft.VisualStudio.QualityTools.Tips.UnitTest.Adapter, Version=10.0.0.0, Culture=neutral, PublicKeyToken=b03f5f7f11d50a3a" className="TestServices.ProductMgrTest, TestServices, Version=1.0.0.0, Culture=neutral, PublicKeyToken=null" name="UpdateProductTest" />
    </UnitTest>
  </TestDefinitions>
  <TestLists>
    <TestList name="Results Not in a List" id="8c84fa94-04c1-424b-9868-57a2d4851a1d" />
    <TestList name="All Loaded Results" id="19431567-8539-422a-85d7-44ee4e166bda" />
  </TestLists>
  <TestEntries>
    <TestEntry testId="cebfb09d-db86-66e1-f02d-51a7bbf774a8" executionId="b670e0ab-154c-4a2f-a2ff-3c5905d2653a" testListId="8c84fa94-04c1-424b-9868-57a2d4851a1d" />
  </TestEntries>
  <Results>
    <UnitTestResult executionId="b670e0ab-154c-4a2f-a2ff-3c5905d2653a" testId="cebfb09d-db86-66e1-f02d-51a7bbf774a8" testName="UpdateProductTest" computerName="IT-41C8711BE33B" duration="00:00:04.9986744" startTime="2012-11-10T22:18:31.0781250+02:00" endTime="2012-11-10T22:18:37.3281250+02:00" testType="13cdc9d9-ddb5-4fa4-a97d-d965ccfc6d4b" outcome="Failed" testListId="8c84fa94-04c1-424b-9868-57a2d4851a1d" relativeResultsDirectory="b670e0ab-154c-4a2f-a2ff-3c5905d2653a">
      <Output>
        <ErrorInfo>
          <Message>Assert.Fail failed. System.InvalidOperationException: The model backing the 'GroceryDbContext' context has changed since the database was created. Consider using Code First Migrations to update the database (http://go.microsoft.com/fwlink/?LinkId=238269).
   at System.Data.Entity.CreateDatabaseIfNotExists`1.InitializeDatabase(TContext context)
   at System.Data.Entity.Internal.InternalContext.&lt;&gt;c__DisplayClass8.&lt;PerformDatabaseInitialization&gt;b__6()
   at System.Data.Entity.Internal.InternalContext.PerformInitializationAction(Action action)
   at System.Data.Entity.Internal.InternalContext.PerformDatabaseInitialization()
   at System.Data.Entity.Internal.LazyInternalContext.&lt;InitializeDatabase&gt;b__4(InternalContext c)
   at System.Data.Entity.Internal.RetryAction`1.PerformAction(TInput input)
   at System.Data.Entity.Internal.LazyInternalContext.InitializeDatabaseAction(Action`1 action)
   at System.Data.Entity.Internal.LazyInternalContext.InitializeDatabase()
   at System.Data.Entity.Internal.LazyInternalContext.get_ObjectContext()
   at System.Data.Entity.Internal.InternalContext.DetectChanges(Boolean force)
   at System.Data.Entity.Internal.InternalContext.GetStateEntry(Object entity)
   at System.Data.Entity.Internal.InternalEntityEntry..ctor(InternalContext internalContext, Object entity)
   at System.Data.Entity.DbContext.Entry[TEntity](TEntity entity)
   at GroceryApp.Models.Services.ProductSvcADOImpl.UpdateProduct(Product product) in C:\GroceryApp\GroceryApp\Models\Services\ProductSvcADOImpl.cs:line 53
   at TestServices.ProductMgrTest.UpdateProductTest() in C:\GroceryApp\TestServices\ProductMgrTest.cs:line 125</Message>
          <StackTrace>   at TestServices.ProductMgrTest.UpdateProductTest() in C:\GroceryApp\TestServices\ProductMgrTest.cs:line 130
</StackTrace>
        </ErrorInfo>
      </Output>
    </UnitTestResult>
  </Results>
</TestRun>