<?xml version="1.0" encoding="UTF-8"?>
<TestRun id="833daf80-4198-4028-88a8-c9c2cc60db5f" name="Administrator@IT-41C8711BE33B 2012-11-25 00:33:27" runUser="IT-41C8711BE33B\Administrator" xmlns="http://microsoft.com/schemas/VisualStudio/TeamTest/2010">
  <TestSettings name="Local" id="e96b331a-14e7-443c-a343-adc2a1a24a0b">
    <Description>These are default test settings for a local test run.</Description>
    <Deployment enabled="false" runDeploymentRoot="Administrator_IT-41C8711BE33B 2012-11-25 00_33_27">
      <DeploymentItem filename="C:\GroceryApp\packages\TelerikMvcExtensions.2011.1.315\lib\net40\Telerik.Web.Mvc.dll" />
      <DeploymentItem filename="C:\GroceryApp\packages\EntityFramework.5.0.0\lib\net40\EntityFramework.dll" />
      <DeploymentItem filename="C:\GroceryApp\GroceryApp\bin\GroceryApp.dll" />
    </Deployment>
    <Execution>
      <TestTypeSpecific />
      <AgentRule name="Execution Agents">
      </AgentRule>
    </Execution>
  </TestSettings>
  <Times creation="2012-11-25T00:33:27.3750000+02:00" queuing="2012-11-25T00:33:27.6718750+02:00" start="2012-11-25T00:33:27.7968750+02:00" finish="2012-11-25T00:33:38.7812500+02:00" />
  <ResultSummary outcome="Failed">
    <Counters total="4" executed="4" passed="3" error="0" failed="1" timeout="0" aborted="0" inconclusive="0" passedButRunAborted="0" notRunnable="0" notExecuted="0" disconnected="0" warning="0" completed="0" inProgress="0" pending="0" />
  </ResultSummary>
  <TestDefinitions>
    <UnitTest name="RemoveProductTest" storage="c:\groceryapp\testservices\bin\debug\testservices.dll" id="b4d77b63-b72d-15ec-8aa4-023d78ccaf94">
      <Execution id="8539dc55-abfb-4690-99ca-673558fc28f5" />
      <TestMethod codeBase="C:/GroceryApp/TestServices/bin/Debug/TestServices.DLL" adapterTypeName="Microsoft.VisualStudio.TestTools.TestTypes.Unit.UnitTestAdapter, Microsoft.VisualStudio.QualityTools.Tips.UnitTest.Adapter, Version=10.0.0.0, Culture=neutral, PublicKeyToken=b03f5f7f11d50a3a" className="BusinessTest.ProductSvcADOImplTest, TestServices, Version=1.0.0.0, Culture=neutral, PublicKeyToken=null" name="RemoveProductTest" />
    </UnitTest>
    <UnitTest name="SearchProductTest" storage="c:\groceryapp\testservices\bin\debug\testservices.dll" id="393326ee-b99a-7431-5564-ed80faee3907">
      <Execution id="790adfc8-7608-4bf5-9cb0-b12e43584ee5" />
      <TestMethod codeBase="C:/GroceryApp/TestServices/bin/Debug/TestServices.DLL" adapterTypeName="Microsoft.VisualStudio.TestTools.TestTypes.Unit.UnitTestAdapter, Microsoft.VisualStudio.QualityTools.Tips.UnitTest.Adapter, Version=10.0.0.0, Culture=neutral, PublicKeyToken=b03f5f7f11d50a3a" className="BusinessTest.ProductSvcADOImplTest, TestServices, Version=1.0.0.0, Culture=neutral, PublicKeyToken=null" name="SearchProductTest" />
    </UnitTest>
    <UnitTest name="UpdateProductTest" storage="c:\groceryapp\testservices\bin\debug\testservices.dll" id="f4ca3c5d-f97b-177e-4a16-a5228bcbc6d1">
      <Execution id="25b77114-1636-4e65-b73a-83002f91c54f" />
      <TestMethod codeBase="C:/GroceryApp/TestServices/bin/Debug/TestServices.DLL" adapterTypeName="Microsoft.VisualStudio.TestTools.TestTypes.Unit.UnitTestAdapter, Microsoft.VisualStudio.QualityTools.Tips.UnitTest.Adapter, Version=10.0.0.0, Culture=neutral, PublicKeyToken=b03f5f7f11d50a3a" className="BusinessTest.ProductSvcADOImplTest, TestServices, Version=1.0.0.0, Culture=neutral, PublicKeyToken=null" name="UpdateProductTest" />
    </UnitTest>
    <UnitTest name="AddProductTest" storage="c:\groceryapp\testservices\bin\debug\testservices.dll" id="6445d75f-7f87-bb38-722c-3a451b06ed14">
      <Execution id="c8447ab3-8e77-4c2e-a3c6-4efd49efa5b3" />
      <TestMethod codeBase="C:/GroceryApp/TestServices/bin/Debug/TestServices.DLL" adapterTypeName="Microsoft.VisualStudio.TestTools.TestTypes.Unit.UnitTestAdapter, Microsoft.VisualStudio.QualityTools.Tips.UnitTest.Adapter, Version=10.0.0.0, Culture=neutral, PublicKeyToken=b03f5f7f11d50a3a" className="BusinessTest.ProductSvcADOImplTest, TestServices, Version=1.0.0.0, Culture=neutral, PublicKeyToken=null" name="AddProductTest" />
    </UnitTest>
  </TestDefinitions>
  <TestLists>
    <TestList name="Results Not in a List" id="8c84fa94-04c1-424b-9868-57a2d4851a1d" />
    <TestList name="All Loaded Results" id="19431567-8539-422a-85d7-44ee4e166bda" />
  </TestLists>
  <TestEntries>
    <TestEntry testId="393326ee-b99a-7431-5564-ed80faee3907" executionId="790adfc8-7608-4bf5-9cb0-b12e43584ee5" testListId="8c84fa94-04c1-424b-9868-57a2d4851a1d" />
    <TestEntry testId="6445d75f-7f87-bb38-722c-3a451b06ed14" executionId="c8447ab3-8e77-4c2e-a3c6-4efd49efa5b3" testListId="8c84fa94-04c1-424b-9868-57a2d4851a1d" />
    <TestEntry testId="b4d77b63-b72d-15ec-8aa4-023d78ccaf94" executionId="8539dc55-abfb-4690-99ca-673558fc28f5" testListId="8c84fa94-04c1-424b-9868-57a2d4851a1d" />
    <TestEntry testId="f4ca3c5d-f97b-177e-4a16-a5228bcbc6d1" executionId="25b77114-1636-4e65-b73a-83002f91c54f" testListId="8c84fa94-04c1-424b-9868-57a2d4851a1d" />
  </TestEntries>
  <Results>
    <UnitTestResult executionId="790adfc8-7608-4bf5-9cb0-b12e43584ee5" testId="393326ee-b99a-7431-5564-ed80faee3907" testName="SearchProductTest" computerName="IT-41C8711BE33B" duration="00:00:05.6643782" startTime="2012-11-25T00:33:28.2656250+02:00" endTime="2012-11-25T00:33:35.9687500+02:00" testType="13cdc9d9-ddb5-4fa4-a97d-d965ccfc6d4b" outcome="Passed" testListId="8c84fa94-04c1-424b-9868-57a2d4851a1d" relativeResultsDirectory="790adfc8-7608-4bf5-9cb0-b12e43584ee5">
    </UnitTestResult>
    <UnitTestResult executionId="c8447ab3-8e77-4c2e-a3c6-4efd49efa5b3" testId="6445d75f-7f87-bb38-722c-3a451b06ed14" testName="AddProductTest" computerName="IT-41C8711BE33B" duration="00:00:00.7370632" startTime="2012-11-25T00:33:35.9843750+02:00" endTime="2012-11-25T00:33:36.7343750+02:00" testType="13cdc9d9-ddb5-4fa4-a97d-d965ccfc6d4b" outcome="Passed" testListId="8c84fa94-04c1-424b-9868-57a2d4851a1d" relativeResultsDirectory="c8447ab3-8e77-4c2e-a3c6-4efd49efa5b3">
    </UnitTestResult>
    <UnitTestResult executionId="8539dc55-abfb-4690-99ca-673558fc28f5" testId="b4d77b63-b72d-15ec-8aa4-023d78ccaf94" testName="RemoveProductTest" computerName="IT-41C8711BE33B" duration="00:00:00.6964373" startTime="2012-11-25T00:33:36.7500000+02:00" endTime="2012-11-25T00:33:37.4843750+02:00" testType="13cdc9d9-ddb5-4fa4-a97d-d965ccfc6d4b" outcome="Passed" testListId="8c84fa94-04c1-424b-9868-57a2d4851a1d" relativeResultsDirectory="8539dc55-abfb-4690-99ca-673558fc28f5">
    </UnitTestResult>
    <UnitTestResult executionId="25b77114-1636-4e65-b73a-83002f91c54f" testId="f4ca3c5d-f97b-177e-4a16-a5228bcbc6d1" testName="UpdateProductTest" computerName="IT-41C8711BE33B" duration="00:00:00.6769737" startTime="2012-11-25T00:33:37.5468750+02:00" endTime="2012-11-25T00:33:38.2343750+02:00" testType="13cdc9d9-ddb5-4fa4-a97d-d965ccfc6d4b" outcome="Failed" testListId="8c84fa94-04c1-424b-9868-57a2d4851a1d" relativeResultsDirectory="25b77114-1636-4e65-b73a-83002f91c54f">
      <Output>
        <ErrorInfo>
          <Message>Assert.Fail failed. System.Data.Entity.Infrastructure.DbUpdateConcurrencyException: Store update, insert, or delete statement affected an unexpected number of rows (0). Entities may have been modified or deleted since entities were loaded. Refresh ObjectStateManager entries. ---&gt; System.Data.OptimisticConcurrencyException: Store update, insert, or delete statement affected an unexpected number of rows (0). Entities may have been modified or deleted since entities were loaded. Refresh ObjectStateManager entries.
   at System.Data.Mapping.Update.Internal.UpdateTranslator.ValidateRowsAffected(Int64 rowsAffected, UpdateCommand source)
   at System.Data.Mapping.Update.Internal.UpdateTranslator.Update(IEntityStateManager stateManager, IEntityAdapter adapter)
   at System.Data.EntityClient.EntityAdapter.Update(IEntityStateManager entityCache)
   at System.Data.Objects.ObjectContext.SaveChanges(SaveOptions options)
   at System.Data.Entity.Internal.InternalContext.SaveChanges()
   --- End of inner exception stack trace ---
   at System.Data.Entity.Internal.InternalContext.SaveChanges()
   at System.Data.Entity.Internal.LazyInternalContext.SaveChanges()
   at System.Data.Entity.DbContext.SaveChanges()
   at GroceryApp.Models.Services.ProductSvcADOImpl.UpdateProduct(Product product) in C:\GroceryApp\GroceryApp\Models\Services\ProductSvcADOImpl.cs:line 54
   at BusinessTest.ProductSvcADOImplTest.UpdateProductTest() in C:\GroceryApp\TestServices\ProductSvcADOImplTest.cs:line 180</Message>
          <StackTrace>   at BusinessTest.ProductSvcADOImplTest.UpdateProductTest() in C:\GroceryApp\TestServices\ProductSvcADOImplTest.cs:line 185
</StackTrace>
        </ErrorInfo>
      </Output>
    </UnitTestResult>
  </Results>
</TestRun>