<?xml version="1.0" encoding="UTF-8"?>
<TestRun id="198e143d-bcba-4957-92fb-f74ea039f6b8" name="Administrator@IT-41C8711BE33B 2012-11-10 22:34:56" runUser="IT-41C8711BE33B\Administrator" xmlns="http://microsoft.com/schemas/VisualStudio/TeamTest/2010">
  <TestSettings name="Local" id="e96b331a-14e7-443c-a343-adc2a1a24a0b">
    <Description>These are default test settings for a local test run.</Description>
    <Deployment enabled="false" runDeploymentRoot="Administrator_IT-41C8711BE33B 2012-11-10 22_34_56">
      <DeploymentItem filename="C:\GroceryApp\packages\TelerikMvcExtensions.2011.1.315\lib\net40\Telerik.Web.Mvc.dll" />
      <DeploymentItem filename="C:\GroceryApp\packages\EntityFramework.5.0.0\lib\net40\EntityFramework.dll" />
      <DeploymentItem filename="C:\GroceryApp\GroceryApp\bin\GroceryApp.dll" />
    </Deployment>
    <Execution>
      <TestTypeSpecific />
      <AgentRule name="Execution Agents">
      </AgentRule>
    </Execution>
  </TestSettings>
  <Times creation="2012-11-10T22:34:56.2031250+02:00" queuing="2012-11-10T22:34:56.2812500+02:00" start="2012-11-10T22:34:56.4531250+02:00" finish="2012-11-10T22:34:58.5156250+02:00" />
  <ResultSummary outcome="Completed">
    <Counters total="3" executed="3" passed="3" error="0" failed="0" timeout="0" aborted="0" inconclusive="0" passedButRunAborted="0" notRunnable="0" notExecuted="0" disconnected="0" warning="0" completed="0" inProgress="0" pending="0" />
  </ResultSummary>
  <TestDefinitions>
    <UnitTest name="AddProductTest" storage="c:\groceryapp\testservices\bin\debug\testservices.dll" id="25fae7e3-8ee5-ae6f-bfa6-7293d85a41ef">
      <Execution id="b54b5fda-eda5-4e40-aa2e-75a62cf117a0" />
      <TestMethod codeBase="C:/GroceryApp/TestServices/bin/Debug/TestServices.DLL" adapterTypeName="Microsoft.VisualStudio.TestTools.TestTypes.Unit.UnitTestAdapter, Microsoft.VisualStudio.QualityTools.Tips.UnitTest.Adapter, Version=10.0.0.0, Culture=neutral, PublicKeyToken=b03f5f7f11d50a3a" className="TestServices.ProductSvcADOImplTest, TestServices, Version=1.0.0.0, Culture=neutral, PublicKeyToken=null" name="AddProductTest" />
    </UnitTest>
    <UnitTest name="UpdateProductTest" storage="c:\groceryapp\testservices\bin\debug\testservices.dll" id="99ca40cb-11c4-6932-0028-af3aa6b398f0">
      <Execution id="db4c11cd-4c1e-45b1-8e15-218d1ef07da1" />
      <TestMethod codeBase="C:/GroceryApp/TestServices/bin/Debug/TestServices.DLL" adapterTypeName="Microsoft.VisualStudio.TestTools.TestTypes.Unit.UnitTestAdapter, Microsoft.VisualStudio.QualityTools.Tips.UnitTest.Adapter, Version=10.0.0.0, Culture=neutral, PublicKeyToken=b03f5f7f11d50a3a" className="TestServices.ProductSvcADOImplTest, TestServices, Version=1.0.0.0, Culture=neutral, PublicKeyToken=null" name="UpdateProductTest" />
    </UnitTest>
    <UnitTest name="SearchProductTest" storage="c:\groceryapp\testservices\bin\debug\testservices.dll" id="f4d13ba0-ab3c-eabd-c9c2-50f97e57cf2b">
      <Execution id="7cb46362-170f-45d0-b64f-23dddd2b2efc" />
      <TestMethod codeBase="C:/GroceryApp/TestServices/bin/Debug/TestServices.DLL" adapterTypeName="Microsoft.VisualStudio.TestTools.TestTypes.Unit.UnitTestAdapter, Microsoft.VisualStudio.QualityTools.Tips.UnitTest.Adapter, Version=10.0.0.0, Culture=neutral, PublicKeyToken=b03f5f7f11d50a3a" className="TestServices.ProductSvcADOImplTest, TestServices, Version=1.0.0.0, Culture=neutral, PublicKeyToken=null" name="SearchProductTest" />
    </UnitTest>
  </TestDefinitions>
  <TestLists>
    <TestList name="Results Not in a List" id="8c84fa94-04c1-424b-9868-57a2d4851a1d" />
    <TestList name="All Loaded Results" id="19431567-8539-422a-85d7-44ee4e166bda" />
  </TestLists>
  <TestEntries>
    <TestEntry testId="25fae7e3-8ee5-ae6f-bfa6-7293d85a41ef" executionId="b54b5fda-eda5-4e40-aa2e-75a62cf117a0" testListId="8c84fa94-04c1-424b-9868-57a2d4851a1d" />
    <TestEntry testId="99ca40cb-11c4-6932-0028-af3aa6b398f0" executionId="db4c11cd-4c1e-45b1-8e15-218d1ef07da1" testListId="8c84fa94-04c1-424b-9868-57a2d4851a1d" />
    <TestEntry testId="f4d13ba0-ab3c-eabd-c9c2-50f97e57cf2b" executionId="7cb46362-170f-45d0-b64f-23dddd2b2efc" testListId="8c84fa94-04c1-424b-9868-57a2d4851a1d" />
  </TestEntries>
  <Results>
    <UnitTestResult executionId="b54b5fda-eda5-4e40-aa2e-75a62cf117a0" testId="25fae7e3-8ee5-ae6f-bfa6-7293d85a41ef" testName="AddProductTest" computerName="IT-41C8711BE33B" duration="00:00:00.2004469" startTime="2012-11-10T22:34:56.3593750+02:00" endTime="2012-11-10T22:34:58.2031250+02:00" testType="13cdc9d9-ddb5-4fa4-a97d-d965ccfc6d4b" outcome="Passed" testListId="8c84fa94-04c1-424b-9868-57a2d4851a1d" relativeResultsDirectory="b54b5fda-eda5-4e40-aa2e-75a62cf117a0">
    </UnitTestResult>
    <UnitTestResult executionId="db4c11cd-4c1e-45b1-8e15-218d1ef07da1" testId="99ca40cb-11c4-6932-0028-af3aa6b398f0" testName="UpdateProductTest" computerName="IT-41C8711BE33B" duration="00:00:00.0053481" startTime="2012-11-10T22:34:58.2343750+02:00" endTime="2012-11-10T22:34:58.2500000+02:00" testType="13cdc9d9-ddb5-4fa4-a97d-d965ccfc6d4b" outcome="Passed" testListId="8c84fa94-04c1-424b-9868-57a2d4851a1d" relativeResultsDirectory="db4c11cd-4c1e-45b1-8e15-218d1ef07da1">
    </UnitTestResult>
    <UnitTestResult executionId="7cb46362-170f-45d0-b64f-23dddd2b2efc" testId="f4d13ba0-ab3c-eabd-c9c2-50f97e57cf2b" testName="SearchProductTest" computerName="IT-41C8711BE33B" duration="00:00:00.0006095" startTime="2012-11-10T22:34:58.2656250+02:00" endTime="2012-11-10T22:34:58.2968750+02:00" testType="13cdc9d9-ddb5-4fa4-a97d-d965ccfc6d4b" outcome="Passed" testListId="8c84fa94-04c1-424b-9868-57a2d4851a1d" relativeResultsDirectory="7cb46362-170f-45d0-b64f-23dddd2b2efc">
    </UnitTestResult>
  </Results>
</TestRun>