<?xml version="1.0" encoding="UTF-8"?>
<TestRun id="684561da-6db3-48a4-a2b2-dcec5d5211d7" name="Administrator@IT-41C8711BE33B 2012-11-21 22:29:50" runUser="IT-41C8711BE33B\Administrator" xmlns="http://microsoft.com/schemas/VisualStudio/TeamTest/2010">
  <TestSettings name="Local" id="e96b331a-14e7-443c-a343-adc2a1a24a0b">
    <Description>These are default test settings for a local test run.</Description>
    <Deployment enabled="false" runDeploymentRoot="Administrator_IT-41C8711BE33B 2012-11-21 22_29_50">
      <DeploymentItem filename="C:\GroceryApp\packages\TelerikMvcExtensions.2011.1.315\lib\net40\Telerik.Web.Mvc.dll" />
      <DeploymentItem filename="C:\GroceryApp\packages\EntityFramework.5.0.0\lib\net40\EntityFramework.dll" />
      <DeploymentItem filename="C:\GroceryApp\GroceryApp\bin\GroceryApp.dll" />
    </Deployment>
    <Execution>
      <TestTypeSpecific />
      <AgentRule name="Execution Agents">
      </AgentRule>
    </Execution>
  </TestSettings>
  <Times creation="2012-11-21T22:29:50.5147500+02:00" queuing="2012-11-21T22:29:50.6710000+02:00" start="2012-11-21T22:29:50.8741250+02:00" finish="2012-11-21T22:29:57.7647500+02:00" />
  <ResultSummary outcome="Completed">
    <Counters total="1" executed="1" passed="1" error="0" failed="0" timeout="0" aborted="0" inconclusive="0" passedButRunAborted="0" notRunnable="0" notExecuted="0" disconnected="0" warning="0" completed="0" inProgress="0" pending="0" />
  </ResultSummary>
  <TestDefinitions>
    <UnitTest name="AddSupplierTest" storage="c:\groceryapp\testservices\bin\debug\testservices.dll" id="d443d2a9-8e51-da8e-6e59-f1a9986abee8">
      <Execution id="2461214c-cc43-4b30-bd3e-c6c6c8fba87f" />
      <TestMethod codeBase="C:/GroceryApp/TestServices/bin/Debug/TestServices.DLL" adapterTypeName="Microsoft.VisualStudio.TestTools.TestTypes.Unit.UnitTestAdapter, Microsoft.VisualStudio.QualityTools.Tips.UnitTest.Adapter, Version=10.0.0.0, Culture=neutral, PublicKeyToken=b03f5f7f11d50a3a" className="TestServices.SupplierSvcADOImplTest, TestServices, Version=1.0.0.0, Culture=neutral, PublicKeyToken=null" name="AddSupplierTest" />
    </UnitTest>
  </TestDefinitions>
  <TestLists>
    <TestList name="Results Not in a List" id="8c84fa94-04c1-424b-9868-57a2d4851a1d" />
    <TestList name="All Loaded Results" id="19431567-8539-422a-85d7-44ee4e166bda" />
  </TestLists>
  <TestEntries>
    <TestEntry testId="d443d2a9-8e51-da8e-6e59-f1a9986abee8" executionId="2461214c-cc43-4b30-bd3e-c6c6c8fba87f" testListId="8c84fa94-04c1-424b-9868-57a2d4851a1d" />
  </TestEntries>
  <Results>
    <UnitTestResult executionId="2461214c-cc43-4b30-bd3e-c6c6c8fba87f" testId="d443d2a9-8e51-da8e-6e59-f1a9986abee8" testName="AddSupplierTest" computerName="IT-41C8711BE33B" duration="00:00:04.6583604" startTime="2012-11-21T22:29:50.9991250+02:00" endTime="2012-11-21T22:29:57.4835000+02:00" testType="13cdc9d9-ddb5-4fa4-a97d-d965ccfc6d4b" outcome="Passed" testListId="8c84fa94-04c1-424b-9868-57a2d4851a1d" relativeResultsDirectory="2461214c-cc43-4b30-bd3e-c6c6c8fba87f">
    </UnitTestResult>
  </Results>
</TestRun>