<?xml version="1.0" encoding="UTF-8"?>
<TestRun id="cd7c6cff-305f-4df1-b28f-b2de39fdcd19" name="Administrator@IT-41C8711BE33B 2012-11-10 21:21:34" runUser="IT-41C8711BE33B\Administrator" xmlns="http://microsoft.com/schemas/VisualStudio/TeamTest/2010">
  <TestSettings name="Local" id="e96b331a-14e7-443c-a343-adc2a1a24a0b">
    <Description>These are default test settings for a local test run.</Description>
    <Deployment enabled="false" runDeploymentRoot="Administrator_IT-41C8711BE33B 2012-11-10 21_21_34">
      <DeploymentItem filename="C:\GroceryApp\packages\TelerikMvcExtensions.2011.1.315\lib\net40\Telerik.Web.Mvc.dll" />
      <DeploymentItem filename="C:\GroceryApp\packages\EntityFramework.5.0.0\lib\net40\EntityFramework.dll" />
      <DeploymentItem filename="C:\GroceryApp\GroceryApp\bin\GroceryApp.dll" />
    </Deployment>
    <Execution>
      <TestTypeSpecific />
      <AgentRule name="Execution Agents">
      </AgentRule>
    </Execution>
  </TestSettings>
  <Times creation="2012-11-10T21:21:34.6093750+02:00" queuing="2012-11-10T21:21:34.7031250+02:00" start="2012-11-10T21:21:34.8281250+02:00" finish="2012-11-10T21:21:36.7500000+02:00" />
  <ResultSummary outcome="Failed">
    <Counters total="1" executed="1" error="0" failed="1" timeout="0" aborted="0" inconclusive="0" passedButRunAborted="0" notRunnable="0" notExecuted="0" disconnected="0" warning="0" passed="0" completed="0" inProgress="0" pending="0" />
  </ResultSummary>
  <TestDefinitions>
    <UnitTest name="AddProductTest" storage="c:\groceryapp\businesstest\bin\debug\businesstest.dll" id="6ff62ea5-d0a5-9905-38ba-7c96f4e3b4fa">
      <Execution id="ed8d8651-2aa1-4dba-9775-c2d6fb4bacd0" />
      <TestMethod codeBase="C:/GroceryApp/BusinessTest/bin/Debug/BusinessTest.DLL" adapterTypeName="Microsoft.VisualStudio.TestTools.TestTypes.Unit.UnitTestAdapter, Microsoft.VisualStudio.QualityTools.Tips.UnitTest.Adapter, Version=10.0.0.0, Culture=neutral, PublicKeyToken=b03f5f7f11d50a3a" className="BusinessTest.ProductMgrTest, BusinessTest, Version=1.0.0.0, Culture=neutral, PublicKeyToken=null" name="AddProductTest" />
    </UnitTest>
  </TestDefinitions>
  <TestLists>
    <TestList name="Results Not in a List" id="8c84fa94-04c1-424b-9868-57a2d4851a1d" />
    <TestList name="All Loaded Results" id="19431567-8539-422a-85d7-44ee4e166bda" />
  </TestLists>
  <TestEntries>
    <TestEntry testId="6ff62ea5-d0a5-9905-38ba-7c96f4e3b4fa" executionId="ed8d8651-2aa1-4dba-9775-c2d6fb4bacd0" testListId="8c84fa94-04c1-424b-9868-57a2d4851a1d" />
  </TestEntries>
  <Results>
    <UnitTestResult executionId="ed8d8651-2aa1-4dba-9775-c2d6fb4bacd0" testId="6ff62ea5-d0a5-9905-38ba-7c96f4e3b4fa" testName="AddProductTest" computerName="IT-41C8711BE33B" duration="00:00:00.0801009" startTime="2012-11-10T21:21:34.8125000+02:00" endTime="2012-11-10T21:21:36.4687500+02:00" testType="13cdc9d9-ddb5-4fa4-a97d-d965ccfc6d4b" outcome="Failed" testListId="8c84fa94-04c1-424b-9868-57a2d4851a1d" relativeResultsDirectory="ed8d8651-2aa1-4dba-9775-c2d6fb4bacd0">
      <Output>
        <ErrorInfo>
          <Message>Assert.Fail failed. GroceryApp.Models.Services.Exceptions.ProductMgrException: Error Loading Service: Value cannot be null.
Parameter name: typeName
   at GroceryApp.Models.Business.ProductMgr.AddProduct(Product product) in C:\GroceryApp\GroceryApp\Models\Business\ProductMgr.cs:line 30
   at BusinessTest.ProductMgrTest.AddProductTest() in C:\GroceryApp\BusinessTest\ProductMgrTest.cs:line 100</Message>
          <StackTrace>   at BusinessTest.ProductMgrTest.AddProductTest() in C:\GroceryApp\BusinessTest\ProductMgrTest.cs:line 109
</StackTrace>
        </ErrorInfo>
      </Output>
    </UnitTestResult>
  </Results>
</TestRun>