<?xml version="1.0" encoding="UTF-8"?>
<TestRun id="2bd3852d-7026-4793-8e33-f5c6691145e9" name="Administrator@IT-41C8711BE33B 2012-11-21 21:19:45" runUser="IT-41C8711BE33B\Administrator" xmlns="http://microsoft.com/schemas/VisualStudio/TeamTest/2010">
  <TestSettings name="Local" id="e96b331a-14e7-443c-a343-adc2a1a24a0b">
    <Description>These are default test settings for a local test run.</Description>
    <Deployment enabled="false" runDeploymentRoot="Administrator_IT-41C8711BE33B 2012-11-21 21_19_45">
      <DeploymentItem filename="C:\GroceryApp\packages\TelerikMvcExtensions.2011.1.315\lib\net40\Telerik.Web.Mvc.dll" />
      <DeploymentItem filename="C:\GroceryApp\packages\EntityFramework.5.0.0\lib\net40\EntityFramework.dll" />
      <DeploymentItem filename="C:\GroceryApp\GroceryApp\bin\GroceryApp.dll" />
    </Deployment>
    <Execution>
      <TestTypeSpecific />
      <AgentRule name="Execution Agents">
      </AgentRule>
    </Execution>
  </TestSettings>
  <Times creation="2012-11-21T21:19:45.3116250+02:00" queuing="2012-11-21T21:19:45.4366250+02:00" start="2012-11-21T21:19:45.4678750+02:00" finish="2012-11-21T21:19:50.3897500+02:00" />
  <ResultSummary outcome="Completed">
    <Counters total="1" executed="1" passed="1" error="0" failed="0" timeout="0" aborted="0" inconclusive="0" passedButRunAborted="0" notRunnable="0" notExecuted="0" disconnected="0" warning="0" completed="0" inProgress="0" pending="0" />
  </ResultSummary>
  <TestDefinitions>
    <UnitTest name="RemoveSupplierTest" storage="c:\groceryapp\testservices\bin\debug\testservices.dll" id="3cfe35ab-ea49-5bcb-5397-c416061f5d57">
      <Execution id="a247a411-1eba-4868-a140-f33f7ba2b7c6" />
      <TestMethod codeBase="C:/GroceryApp/TestServices/bin/Debug/TestServices.DLL" adapterTypeName="Microsoft.VisualStudio.TestTools.TestTypes.Unit.UnitTestAdapter, Microsoft.VisualStudio.QualityTools.Tips.UnitTest.Adapter, Version=10.0.0.0, Culture=neutral, PublicKeyToken=b03f5f7f11d50a3a" className="TestServices.SupplierSvcADOImplTest, TestServices, Version=1.0.0.0, Culture=neutral, PublicKeyToken=null" name="RemoveSupplierTest" />
    </UnitTest>
  </TestDefinitions>
  <TestLists>
    <TestList name="Results Not in a List" id="8c84fa94-04c1-424b-9868-57a2d4851a1d" />
    <TestList name="All Loaded Results" id="19431567-8539-422a-85d7-44ee4e166bda" />
  </TestLists>
  <TestEntries>
    <TestEntry testId="3cfe35ab-ea49-5bcb-5397-c416061f5d57" executionId="a247a411-1eba-4868-a140-f33f7ba2b7c6" testListId="8c84fa94-04c1-424b-9868-57a2d4851a1d" />
  </TestEntries>
  <Results>
    <UnitTestResult executionId="a247a411-1eba-4868-a140-f33f7ba2b7c6" testId="3cfe35ab-ea49-5bcb-5397-c416061f5d57" testName="RemoveSupplierTest" computerName="IT-41C8711BE33B" duration="00:00:03.5054226" startTime="2012-11-21T21:19:45.6397500+02:00" endTime="2012-11-21T21:19:50.2022500+02:00" testType="13cdc9d9-ddb5-4fa4-a97d-d965ccfc6d4b" outcome="Passed" testListId="8c84fa94-04c1-424b-9868-57a2d4851a1d" relativeResultsDirectory="a247a411-1eba-4868-a140-f33f7ba2b7c6">
    </UnitTestResult>
  </Results>
</TestRun>