<?xml version="1.0" encoding="UTF-8"?>
<TestRun id="c8274387-a2fc-463e-ad53-008dcd0f35b0" name="Administrator@IT-41C8711BE33B 2012-11-17 21:21:20" runUser="IT-41C8711BE33B\Administrator" xmlns="http://microsoft.com/schemas/VisualStudio/TeamTest/2010">
  <TestSettings name="Local" id="e96b331a-14e7-443c-a343-adc2a1a24a0b">
    <Description>These are default test settings for a local test run.</Description>
    <Deployment enabled="false" runDeploymentRoot="Administrator_IT-41C8711BE33B 2012-11-17 21_21_20">
      <DeploymentItem filename="C:\GroceryApp\packages\TelerikMvcExtensions.2011.1.315\lib\net40\Telerik.Web.Mvc.dll" />
      <DeploymentItem filename="C:\GroceryApp\packages\EntityFramework.5.0.0\lib\net40\EntityFramework.dll" />
      <DeploymentItem filename="C:\GroceryApp\GroceryApp\bin\GroceryApp.dll" />
    </Deployment>
    <Execution>
      <TestTypeSpecific />
      <AgentRule name="Execution Agents">
      </AgentRule>
    </Execution>
  </TestSettings>
  <Times creation="2012-11-17T21:21:20.5303750+02:00" queuing="2012-11-17T21:21:20.6085000+02:00" start="2012-11-17T21:21:21.0303750+02:00" finish="2012-11-17T21:21:27.1397500+02:00" />
  <ResultSummary outcome="Failed">
    <Counters total="9" executed="2" error="0" failed="2" timeout="0" aborted="0" inconclusive="0" passedButRunAborted="0" notRunnable="0" notExecuted="7" disconnected="0" warning="0" passed="0" completed="0" inProgress="0" pending="0" />
  </ResultSummary>
  <TestDefinitions>
    <UnitTest name="SearchSupplierTest" storage="c:\groceryapp\businesstest\bin\debug\businesstest.dll" id="bf017ad6-4f60-c2c3-891a-71955203f803">
      <TestMethod codeBase="C:/GroceryApp/BusinessTest/bin/Debug/BusinessTest.DLL" adapterTypeName="Microsoft.VisualStudio.TestTools.TestTypes.Unit.UnitTestAdapter, Microsoft.VisualStudio.QualityTools.Tips.UnitTest.Adapter, Version=10.0.0.0, Culture=neutral, PublicKeyToken=b03f5f7f11d50a3a" className="BusinessTest.SupplierMgrTest, BusinessTest, Version=1.0.0.0, Culture=neutral, PublicKeyToken=null" name="SearchSupplierTest" />
    </UnitTest>
    <UnitTest name="AddProductTest" storage="c:\groceryapp\businesstest\bin\debug\businesstest.dll" id="6ff62ea5-d0a5-9905-38ba-7c96f4e3b4fa">
      <TestMethod codeBase="C:/GroceryApp/BusinessTest/bin/Debug/BusinessTest.DLL" adapterTypeName="Microsoft.VisualStudio.TestTools.TestTypes.Unit.UnitTestAdapter, Microsoft.VisualStudio.QualityTools.Tips.UnitTest.Adapter, Version=10.0.0.0, Culture=neutral, PublicKeyToken=b03f5f7f11d50a3a" className="BusinessTest.ProductMgrTest, BusinessTest, Version=1.0.0.0, Culture=neutral, PublicKeyToken=null" name="AddProductTest" />
    </UnitTest>
    <OrderedTest name="BusinessTestSuite" storage="c:\groceryapp\businesstest\businesstestsuite.orderedtest" id="8f19a129-8be8-4c1e-bc73-167c517fc37e">
      <Execution id="1efa49e0-a60d-4be4-bdb6-3ff61cb44a00" />
      <TestLinks>
        <TestLink id="5cc27fd9-8ed9-8a57-cf1d-36e5e2bb132c" name="AddSupplierTest" storage="bin\debug\businesstest.dll" type="Microsoft.VisualStudio.TestTools.TestTypes.Unit.UnitTestElement, Microsoft.VisualStudio.QualityTools.Tips.UnitTest.ObjectModel, Version=10.0.0.0, Culture=neutral, PublicKeyToken=b03f5f7f11d50a3a" />
        <TestLink id="bf017ad6-4f60-c2c3-891a-71955203f803" name="SearchSupplierTest" storage="bin\debug\businesstest.dll" type="Microsoft.VisualStudio.TestTools.TestTypes.Unit.UnitTestElement, Microsoft.VisualStudio.QualityTools.Tips.UnitTest.ObjectModel, Version=10.0.0.0, Culture=neutral, PublicKeyToken=b03f5f7f11d50a3a" />
        <TestLink id="c190ac50-fd1e-c1ad-24e1-3c13826758a2" name="UpdateSupplierTest" storage="bin\debug\businesstest.dll" type="Microsoft.VisualStudio.TestTools.TestTypes.Unit.UnitTestElement, Microsoft.VisualStudio.QualityTools.Tips.UnitTest.ObjectModel, Version=10.0.0.0, Culture=neutral, PublicKeyToken=b03f5f7f11d50a3a" />
        <TestLink id="a4cff782-8c19-6d5d-f4c8-d1ae28419562" name="RemoveSupplierTest" storage="bin\debug\businesstest.dll" type="Microsoft.VisualStudio.TestTools.TestTypes.Unit.UnitTestElement, Microsoft.VisualStudio.QualityTools.Tips.UnitTest.ObjectModel, Version=10.0.0.0, Culture=neutral, PublicKeyToken=b03f5f7f11d50a3a" />
        <TestLink id="6ff62ea5-d0a5-9905-38ba-7c96f4e3b4fa" name="AddProductTest" storage="bin\debug\businesstest.dll" type="Microsoft.VisualStudio.TestTools.TestTypes.Unit.UnitTestElement, Microsoft.VisualStudio.QualityTools.Tips.UnitTest.ObjectModel, Version=10.0.0.0, Culture=neutral, PublicKeyToken=b03f5f7f11d50a3a" />
        <TestLink id="3c0a04bd-ddc1-312c-eda1-0ed41a4b3b01" name="SearchProductTest" storage="bin\debug\businesstest.dll" type="Microsoft.VisualStudio.TestTools.TestTypes.Unit.UnitTestElement, Microsoft.VisualStudio.QualityTools.Tips.UnitTest.ObjectModel, Version=10.0.0.0, Culture=neutral, PublicKeyToken=b03f5f7f11d50a3a" />
        <TestLink id="6143045e-d7b1-c3cf-6431-871ca4cbe173" name="UpdateProductTest" storage="bin\debug\businesstest.dll" type="Microsoft.VisualStudio.TestTools.TestTypes.Unit.UnitTestElement, Microsoft.VisualStudio.QualityTools.Tips.UnitTest.ObjectModel, Version=10.0.0.0, Culture=neutral, PublicKeyToken=b03f5f7f11d50a3a" />
        <TestLink id="11468ab7-0a0d-5f63-ec65-4bfd24d50c15" name="RemoveProductTest" storage="bin\debug\businesstest.dll" type="Microsoft.VisualStudio.TestTools.TestTypes.Unit.UnitTestElement, Microsoft.VisualStudio.QualityTools.Tips.UnitTest.ObjectModel, Version=10.0.0.0, Culture=neutral, PublicKeyToken=b03f5f7f11d50a3a" />
      </TestLinks>
    </OrderedTest>
    <UnitTest name="AddSupplierTest" storage="c:\groceryapp\businesstest\bin\debug\businesstest.dll" id="5cc27fd9-8ed9-8a57-cf1d-36e5e2bb132c">
      <TestMethod codeBase="C:/GroceryApp/BusinessTest/bin/Debug/BusinessTest.DLL" adapterTypeName="Microsoft.VisualStudio.TestTools.TestTypes.Unit.UnitTestAdapter, Microsoft.VisualStudio.QualityTools.Tips.UnitTest.Adapter, Version=10.0.0.0, Culture=neutral, PublicKeyToken=b03f5f7f11d50a3a" className="BusinessTest.SupplierMgrTest, BusinessTest, Version=1.0.0.0, Culture=neutral, PublicKeyToken=null" name="AddSupplierTest" />
    </UnitTest>
    <UnitTest name="UpdateSupplierTest" storage="c:\groceryapp\businesstest\bin\debug\businesstest.dll" id="c190ac50-fd1e-c1ad-24e1-3c13826758a2">
      <TestMethod codeBase="C:/GroceryApp/BusinessTest/bin/Debug/BusinessTest.DLL" adapterTypeName="Microsoft.VisualStudio.TestTools.TestTypes.Unit.UnitTestAdapter, Microsoft.VisualStudio.QualityTools.Tips.UnitTest.Adapter, Version=10.0.0.0, Culture=neutral, PublicKeyToken=b03f5f7f11d50a3a" className="BusinessTest.SupplierMgrTest, BusinessTest, Version=1.0.0.0, Culture=neutral, PublicKeyToken=null" name="UpdateSupplierTest" />
    </UnitTest>
    <UnitTest name="RemoveSupplierTest" storage="c:\groceryapp\businesstest\bin\debug\businesstest.dll" id="a4cff782-8c19-6d5d-f4c8-d1ae28419562">
      <TestMethod codeBase="C:/GroceryApp/BusinessTest/bin/Debug/BusinessTest.DLL" adapterTypeName="Microsoft.VisualStudio.TestTools.TestTypes.Unit.UnitTestAdapter, Microsoft.VisualStudio.QualityTools.Tips.UnitTest.Adapter, Version=10.0.0.0, Culture=neutral, PublicKeyToken=b03f5f7f11d50a3a" className="BusinessTest.SupplierMgrTest, BusinessTest, Version=1.0.0.0, Culture=neutral, PublicKeyToken=null" name="RemoveSupplierTest" />
    </UnitTest>
    <UnitTest name="UpdateProductTest" storage="c:\groceryapp\businesstest\bin\debug\businesstest.dll" id="6143045e-d7b1-c3cf-6431-871ca4cbe173">
      <TestMethod codeBase="C:/GroceryApp/BusinessTest/bin/Debug/BusinessTest.DLL" adapterTypeName="Microsoft.VisualStudio.TestTools.TestTypes.Unit.UnitTestAdapter, Microsoft.VisualStudio.QualityTools.Tips.UnitTest.Adapter, Version=10.0.0.0, Culture=neutral, PublicKeyToken=b03f5f7f11d50a3a" className="BusinessTest.ProductMgrTest, BusinessTest, Version=1.0.0.0, Culture=neutral, PublicKeyToken=null" name="UpdateProductTest" />
    </UnitTest>
    <UnitTest name="SearchProductTest" storage="c:\groceryapp\businesstest\bin\debug\businesstest.dll" id="3c0a04bd-ddc1-312c-eda1-0ed41a4b3b01">
      <TestMethod codeBase="C:/GroceryApp/BusinessTest/bin/Debug/BusinessTest.DLL" adapterTypeName="Microsoft.VisualStudio.TestTools.TestTypes.Unit.UnitTestAdapter, Microsoft.VisualStudio.QualityTools.Tips.UnitTest.Adapter, Version=10.0.0.0, Culture=neutral, PublicKeyToken=b03f5f7f11d50a3a" className="BusinessTest.ProductMgrTest, BusinessTest, Version=1.0.0.0, Culture=neutral, PublicKeyToken=null" name="SearchProductTest" />
    </UnitTest>
    <UnitTest name="RemoveProductTest" storage="c:\groceryapp\businesstest\bin\debug\businesstest.dll" id="11468ab7-0a0d-5f63-ec65-4bfd24d50c15">
      <TestMethod codeBase="C:/GroceryApp/BusinessTest/bin/Debug/BusinessTest.DLL" adapterTypeName="Microsoft.VisualStudio.TestTools.TestTypes.Unit.UnitTestAdapter, Microsoft.VisualStudio.QualityTools.Tips.UnitTest.Adapter, Version=10.0.0.0, Culture=neutral, PublicKeyToken=b03f5f7f11d50a3a" className="BusinessTest.ProductMgrTest, BusinessTest, Version=1.0.0.0, Culture=neutral, PublicKeyToken=null" name="RemoveProductTest" />
    </UnitTest>
  </TestDefinitions>
  <TestLists>
    <TestList name="Results Not in a List" id="8c84fa94-04c1-424b-9868-57a2d4851a1d" />
    <TestList name="All Loaded Results" id="19431567-8539-422a-85d7-44ee4e166bda" />
  </TestLists>
  <TestEntries>
    <TestEntry testId="8f19a129-8be8-4c1e-bc73-167c517fc37e" executionId="1efa49e0-a60d-4be4-bdb6-3ff61cb44a00" testListId="8c84fa94-04c1-424b-9868-57a2d4851a1d">
      <TestEntries>
        <TestEntry testId="5cc27fd9-8ed9-8a57-cf1d-36e5e2bb132c" executionId="0d907c9f-8578-4a08-a58e-79c3de9dc332" parentExecutionId="1efa49e0-a60d-4be4-bdb6-3ff61cb44a00" testListId="8c84fa94-04c1-424b-9868-57a2d4851a1d" />
        <TestEntry testId="bf017ad6-4f60-c2c3-891a-71955203f803" executionId="15dad544-c7ad-4e7d-8408-ba1390d33b2f" parentExecutionId="1efa49e0-a60d-4be4-bdb6-3ff61cb44a00" testListId="8c84fa94-04c1-424b-9868-57a2d4851a1d" />
        <TestEntry testId="c190ac50-fd1e-c1ad-24e1-3c13826758a2" executionId="1928a80d-8fdd-4519-921a-fcb33f2877bf" parentExecutionId="1efa49e0-a60d-4be4-bdb6-3ff61cb44a00" testListId="8c84fa94-04c1-424b-9868-57a2d4851a1d" />
        <TestEntry testId="a4cff782-8c19-6d5d-f4c8-d1ae28419562" executionId="aa4f3fc3-c313-4d90-903c-f23bab42efbf" parentExecutionId="1efa49e0-a60d-4be4-bdb6-3ff61cb44a00" testListId="8c84fa94-04c1-424b-9868-57a2d4851a1d" />
        <TestEntry testId="6ff62ea5-d0a5-9905-38ba-7c96f4e3b4fa" executionId="ba7300ab-9721-4b0f-96b7-12631f2a167f" parentExecutionId="1efa49e0-a60d-4be4-bdb6-3ff61cb44a00" testListId="8c84fa94-04c1-424b-9868-57a2d4851a1d" />
        <TestEntry testId="3c0a04bd-ddc1-312c-eda1-0ed41a4b3b01" executionId="7409a54d-e705-42d7-b397-5bf08dbaa427" parentExecutionId="1efa49e0-a60d-4be4-bdb6-3ff61cb44a00" testListId="8c84fa94-04c1-424b-9868-57a2d4851a1d" />
        <TestEntry testId="6143045e-d7b1-c3cf-6431-871ca4cbe173" executionId="71ba9cc6-2b5a-43de-95c2-413beef0cff5" parentExecutionId="1efa49e0-a60d-4be4-bdb6-3ff61cb44a00" testListId="8c84fa94-04c1-424b-9868-57a2d4851a1d" />
        <TestEntry testId="11468ab7-0a0d-5f63-ec65-4bfd24d50c15" executionId="60094b59-02f7-40d0-8919-9ea59247c15f" parentExecutionId="1efa49e0-a60d-4be4-bdb6-3ff61cb44a00" testListId="8c84fa94-04c1-424b-9868-57a2d4851a1d" />
      </TestEntries>
    </TestEntry>
  </TestEntries>
  <Results>
    <TestResultAggregation executionId="1efa49e0-a60d-4be4-bdb6-3ff61cb44a00" testId="8f19a129-8be8-4c1e-bc73-167c517fc37e" testName="BusinessTestSuite" computerName="IT-41C8711BE33B" duration="00:00:05.2980951" startTime="2012-11-17T21:21:21.4210000+02:00" endTime="2012-11-17T21:21:26.7335000+02:00" testType="ec4800e8-40e5-4ab3-8510-b8bf29b1904d" outcome="Failed" testListId="8c84fa94-04c1-424b-9868-57a2d4851a1d" relativeResultsDirectory="1efa49e0-a60d-4be4-bdb6-3ff61cb44a00">
      <Counters error="0" failed="1" timeout="0" aborted="0" inconclusive="0" passedButRunAborted="0" notRunnable="0" notExecuted="7" disconnected="0" warning="0" passed="0" completed="0" inProgress="0" pending="0" />
      <InnerResults>
        <UnitTestResult executionId="0d907c9f-8578-4a08-a58e-79c3de9dc332" parentExecutionId="1efa49e0-a60d-4be4-bdb6-3ff61cb44a00" testId="5cc27fd9-8ed9-8a57-cf1d-36e5e2bb132c" testName="AddSupplierTest" computerName="IT-41C8711BE33B" duration="00:00:04.2564904" startTime="2012-11-17T21:21:21.4366250+02:00" endTime="2012-11-17T21:21:26.7335000+02:00" testType="13cdc9d9-ddb5-4fa4-a97d-d965ccfc6d4b" outcome="Failed" testListId="8c84fa94-04c1-424b-9868-57a2d4851a1d" relativeResultsDirectory="0d907c9f-8578-4a08-a58e-79c3de9dc332">
          <Output>
            <ErrorInfo>
              <Message>Test method BusinessTest.SupplierMgrTest.AddSupplierTest threw exception: 
System.Data.Entity.Infrastructure.DbUpdateException: An error occurred while updating the entries. See the inner exception for details. ---&gt; System.Data.UpdateException: An error occurred while updating the entries. See the inner exception for details. ---&gt; System.Data.SqlClient.SqlException: Violation of PRIMARY KEY constraint 'PK_dbo.Suppliers'. Cannot insert duplicate key in object 'dbo.Suppliers'.
The statement has been terminated.</Message>
              <StackTrace>    at System.Data.SqlClient.SqlConnection.OnError(SqlException exception, Boolean breakConnection)
   at System.Data.SqlClient.SqlInternalConnection.OnError(SqlException exception, Boolean breakConnection)
   at System.Data.SqlClient.TdsParser.ThrowExceptionAndWarning()
   at System.Data.SqlClient.TdsParser.Run(RunBehavior runBehavior, SqlCommand cmdHandler, SqlDataReader dataStream, BulkCopySimpleResultSet bulkCopyHandler, TdsParserStateObject stateObj)
   at System.Data.SqlClient.SqlCommand.FinishExecuteReader(SqlDataReader ds, RunBehavior runBehavior, String resetOptionsString)
   at System.Data.SqlClient.SqlCommand.RunExecuteReaderTds(CommandBehavior cmdBehavior, RunBehavior runBehavior, Boolean returnStream, Boolean async)
   at System.Data.SqlClient.SqlCommand.RunExecuteReader(CommandBehavior cmdBehavior, RunBehavior runBehavior, Boolean returnStream, String method, DbAsyncResult result)
   at System.Data.SqlClient.SqlCommand.InternalExecuteNonQuery(DbAsyncResult result, String methodName, Boolean sendToPipe)
   at System.Data.SqlClient.SqlCommand.ExecuteNonQuery()
   at System.Data.Mapping.Update.Internal.DynamicUpdateCommand.Execute(UpdateTranslator translator, EntityConnection connection, Dictionary`2 identifierValues, List`1 generatedValues)
   at System.Data.Mapping.Update.Internal.UpdateTranslator.Update(IEntityStateManager stateManager, IEntityAdapter adapter)
 --- End of inner exception stack trace ---
    at System.Data.Mapping.Update.Internal.UpdateTranslator.Update(IEntityStateManager stateManager, IEntityAdapter adapter)
   at System.Data.EntityClient.EntityAdapter.Update(IEntityStateManager entityCache)
   at System.Data.Objects.ObjectContext.SaveChanges(SaveOptions options)
   at System.Data.Entity.Internal.InternalContext.SaveChanges()
 --- End of inner exception stack trace ---
    at System.Data.Entity.Internal.InternalContext.SaveChanges()
   at System.Data.Entity.Internal.LazyInternalContext.SaveChanges()
   at System.Data.Entity.DbContext.SaveChanges()
   at GroceryApp.Models.Services.SupplierSvcADOImpl.AddSupplier(Supplier supplier) in C:\GroceryApp\GroceryApp\Models\Services\SupplierSvcADOImpl.cs:line 20
   at GroceryApp.Models.Business.SupplierMgr.AddSupplier(Supplier supplier) in C:\GroceryApp\GroceryApp\Models\Business\SupplierMgr.cs:line 19
   at BusinessTest.SupplierMgrTest.AddSupplierTest() in C:\GroceryApp\BusinessTest\SupplierMgrTest.cs:line 85
</StackTrace>
            </ErrorInfo>
          </Output>
        </UnitTestResult>
        <TestResult executionId="15dad544-c7ad-4e7d-8408-ba1390d33b2f" parentExecutionId="1efa49e0-a60d-4be4-bdb6-3ff61cb44a00" testId="bf017ad6-4f60-c2c3-891a-71955203f803" testName="SearchSupplierTest" computerName="IT-41C8711BE33B" testType="13cdc9d9-ddb5-4fa4-a97d-d965ccfc6d4b" outcome="NotExecuted" testListId="8c84fa94-04c1-424b-9868-57a2d4851a1d" relativeResultsDirectory="15dad544-c7ad-4e7d-8408-ba1390d33b2f" />
        <TestResult executionId="1928a80d-8fdd-4519-921a-fcb33f2877bf" parentExecutionId="1efa49e0-a60d-4be4-bdb6-3ff61cb44a00" testId="c190ac50-fd1e-c1ad-24e1-3c13826758a2" testName="UpdateSupplierTest" computerName="IT-41C8711BE33B" testType="13cdc9d9-ddb5-4fa4-a97d-d965ccfc6d4b" outcome="NotExecuted" testListId="8c84fa94-04c1-424b-9868-57a2d4851a1d" relativeResultsDirectory="1928a80d-8fdd-4519-921a-fcb33f2877bf" />
        <TestResult executionId="aa4f3fc3-c313-4d90-903c-f23bab42efbf" parentExecutionId="1efa49e0-a60d-4be4-bdb6-3ff61cb44a00" testId="a4cff782-8c19-6d5d-f4c8-d1ae28419562" testName="RemoveSupplierTest" computerName="IT-41C8711BE33B" testType="13cdc9d9-ddb5-4fa4-a97d-d965ccfc6d4b" outcome="NotExecuted" testListId="8c84fa94-04c1-424b-9868-57a2d4851a1d" relativeResultsDirectory="aa4f3fc3-c313-4d90-903c-f23bab42efbf" />
        <TestResult executionId="ba7300ab-9721-4b0f-96b7-12631f2a167f" parentExecutionId="1efa49e0-a60d-4be4-bdb6-3ff61cb44a00" testId="6ff62ea5-d0a5-9905-38ba-7c96f4e3b4fa" testName="AddProductTest" computerName="IT-41C8711BE33B" testType="13cdc9d9-ddb5-4fa4-a97d-d965ccfc6d4b" outcome="NotExecuted" testListId="8c84fa94-04c1-424b-9868-57a2d4851a1d" relativeResultsDirectory="ba7300ab-9721-4b0f-96b7-12631f2a167f" />
        <TestResult executionId="7409a54d-e705-42d7-b397-5bf08dbaa427" parentExecutionId="1efa49e0-a60d-4be4-bdb6-3ff61cb44a00" testId="3c0a04bd-ddc1-312c-eda1-0ed41a4b3b01" testName="SearchProductTest" computerName="IT-41C8711BE33B" testType="13cdc9d9-ddb5-4fa4-a97d-d965ccfc6d4b" outcome="NotExecuted" testListId="8c84fa94-04c1-424b-9868-57a2d4851a1d" relativeResultsDirectory="7409a54d-e705-42d7-b397-5bf08dbaa427" />
        <TestResult executionId="71ba9cc6-2b5a-43de-95c2-413beef0cff5" parentExecutionId="1efa49e0-a60d-4be4-bdb6-3ff61cb44a00" testId="6143045e-d7b1-c3cf-6431-871ca4cbe173" testName="UpdateProductTest" computerName="IT-41C8711BE33B" testType="13cdc9d9-ddb5-4fa4-a97d-d965ccfc6d4b" outcome="NotExecuted" testListId="8c84fa94-04c1-424b-9868-57a2d4851a1d" relativeResultsDirectory="71ba9cc6-2b5a-43de-95c2-413beef0cff5" />
        <TestResult executionId="60094b59-02f7-40d0-8919-9ea59247c15f" parentExecutionId="1efa49e0-a60d-4be4-bdb6-3ff61cb44a00" testId="11468ab7-0a0d-5f63-ec65-4bfd24d50c15" testName="RemoveProductTest" computerName="IT-41C8711BE33B" testType="13cdc9d9-ddb5-4fa4-a97d-d965ccfc6d4b" outcome="NotExecuted" testListId="8c84fa94-04c1-424b-9868-57a2d4851a1d" relativeResultsDirectory="60094b59-02f7-40d0-8919-9ea59247c15f" />
      </InnerResults>
    </TestResultAggregation>
  </Results>
</TestRun>