<?xml version="1.0" encoding="UTF-8"?>
<TestRun id="8ce270d2-7bb6-4a33-8877-1879d55b0a05" name="Administrator@IT-41C8711BE33B 2012-11-10 22:41:13" runUser="IT-41C8711BE33B\Administrator" xmlns="http://microsoft.com/schemas/VisualStudio/TeamTest/2010">
  <TestSettings name="Local" id="e96b331a-14e7-443c-a343-adc2a1a24a0b">
    <Description>These are default test settings for a local test run.</Description>
    <Deployment enabled="false" runDeploymentRoot="Administrator_IT-41C8711BE33B 2012-11-10 22_41_13">
      <DeploymentItem filename="C:\GroceryApp\packages\TelerikMvcExtensions.2011.1.315\lib\net40\Telerik.Web.Mvc.dll" />
      <DeploymentItem filename="C:\GroceryApp\packages\EntityFramework.5.0.0\lib\net40\EntityFramework.dll" />
      <DeploymentItem filename="C:\GroceryApp\GroceryApp\bin\GroceryApp.dll" />
    </Deployment>
    <Execution>
      <TestTypeSpecific />
      <AgentRule name="Execution Agents">
      </AgentRule>
    </Execution>
  </TestSettings>
  <Times creation="2012-11-10T22:41:13.5000000+02:00" queuing="2012-11-10T22:41:13.5937500+02:00" start="2012-11-10T22:41:13.6718750+02:00" finish="2012-11-10T22:41:20.8906250+02:00" />
  <ResultSummary outcome="Failed">
    <Counters total="1" executed="1" error="0" failed="1" timeout="0" aborted="0" inconclusive="0" passedButRunAborted="0" notRunnable="0" notExecuted="0" disconnected="0" warning="0" passed="0" completed="0" inProgress="0" pending="0" />
  </ResultSummary>
  <TestDefinitions>
    <UnitTest name="DeleteTest" storage="c:\groceryapp\controllerstest\bin\debug\controllerstest.dll" id="37379212-9244-bce3-f76d-2ef9439c27b5">
      <Execution id="c474b29d-dfd2-4aa1-82d6-d04384e600e8" />
      <TestMethod codeBase="C:/GroceryApp/ControllersTest/bin/Debug/ControllersTest.DLL" adapterTypeName="Microsoft.VisualStudio.TestTools.TestTypes.Unit.UnitTestAdapter, Microsoft.VisualStudio.QualityTools.Tips.UnitTest.Adapter, Version=10.0.0.0, Culture=neutral, PublicKeyToken=b03f5f7f11d50a3a" className="ControllersTest.CategoryControllerTest, ControllersTest, Version=1.0.0.0, Culture=neutral, PublicKeyToken=null" name="DeleteTest" />
    </UnitTest>
  </TestDefinitions>
  <TestLists>
    <TestList name="Results Not in a List" id="8c84fa94-04c1-424b-9868-57a2d4851a1d" />
    <TestList name="All Loaded Results" id="19431567-8539-422a-85d7-44ee4e166bda" />
  </TestLists>
  <TestEntries>
    <TestEntry testId="37379212-9244-bce3-f76d-2ef9439c27b5" executionId="c474b29d-dfd2-4aa1-82d6-d04384e600e8" testListId="8c84fa94-04c1-424b-9868-57a2d4851a1d" />
  </TestEntries>
  <Results>
    <UnitTestResult executionId="c474b29d-dfd2-4aa1-82d6-d04384e600e8" testId="37379212-9244-bce3-f76d-2ef9439c27b5" testName="DeleteTest" computerName="IT-41C8711BE33B" duration="00:00:05.1220839" startTime="2012-11-10T22:41:13.6718750+02:00" endTime="2012-11-10T22:41:20.5000000+02:00" testType="13cdc9d9-ddb5-4fa4-a97d-d965ccfc6d4b" outcome="Failed" testListId="8c84fa94-04c1-424b-9868-57a2d4851a1d" relativeResultsDirectory="c474b29d-dfd2-4aa1-82d6-d04384e600e8">
      <Output>
        <ErrorInfo>
          <Message>Test method ControllersTest.CategoryControllerTest.DeleteTest threw exception: 
System.InvalidOperationException: The model backing the 'GroceryDbContext' context has changed since the database was created. Consider using Code First Migrations to update the database (http://go.microsoft.com/fwlink/?LinkId=238269).</Message>
          <StackTrace>    at System.Data.Entity.CreateDatabaseIfNotExists`1.InitializeDatabase(TContext context)
   at System.Data.Entity.Internal.InternalContext.&lt;&gt;c__DisplayClass8.&lt;PerformDatabaseInitialization&gt;b__6()
   at System.Data.Entity.Internal.InternalContext.PerformInitializationAction(Action action)
   at System.Data.Entity.Internal.InternalContext.PerformDatabaseInitialization()
   at System.Data.Entity.Internal.LazyInternalContext.&lt;InitializeDatabase&gt;b__4(InternalContext c)
   at System.Data.Entity.Internal.RetryAction`1.PerformAction(TInput input)
   at System.Data.Entity.Internal.LazyInternalContext.InitializeDatabaseAction(Action`1 action)
   at System.Data.Entity.Internal.LazyInternalContext.InitializeDatabase()
   at System.Data.Entity.Internal.InternalContext.GetEntitySetAndBaseTypeForType(Type entityType)
   at System.Data.Entity.Internal.Linq.InternalSet`1.Initialize()
   at System.Data.Entity.Internal.Linq.InternalSet`1.get_InternalContext()
   at System.Data.Entity.Internal.Linq.InternalSet`1.Find(Object[] keyValues)
   at System.Data.Entity.DbSet`1.Find(Object[] keyValues)
   at GroceryApp.Controllers.CategoryController.Delete(Int32 id) in C:\GroceryApp\GroceryApp\Controllers\CategoryController.cs:line 87
   at ControllersTest.CategoryControllerTest.DeleteTest() in C:\GroceryApp\ControllersTest\CategoryControllerTest.cs:line 144
</StackTrace>
        </ErrorInfo>
      </Output>
    </UnitTestResult>
  </Results>
</TestRun>