<?xml version="1.0" encoding="UTF-8"?>
<TestRun id="01ca0dc2-1886-4ea3-a1bd-df8db349155c" name="Administrator@IT-41C8711BE33B 2012-11-10 21:25:48" runUser="IT-41C8711BE33B\Administrator" xmlns="http://microsoft.com/schemas/VisualStudio/TeamTest/2010">
  <TestSettings name="Local" id="e96b331a-14e7-443c-a343-adc2a1a24a0b">
    <Description>These are default test settings for a local test run.</Description>
    <Deployment enabled="false" runDeploymentRoot="Administrator_IT-41C8711BE33B 2012-11-10 21_25_48">
      <DeploymentItem filename="C:\GroceryApp\packages\TelerikMvcExtensions.2011.1.315\lib\net40\Telerik.Web.Mvc.dll" />
      <DeploymentItem filename="C:\GroceryApp\packages\EntityFramework.5.0.0\lib\net40\EntityFramework.dll" />
      <DeploymentItem filename="C:\GroceryApp\GroceryApp\bin\GroceryApp.dll" />
    </Deployment>
    <Execution>
      <TestTypeSpecific />
      <AgentRule name="Execution Agents">
      </AgentRule>
    </Execution>
  </TestSettings>
  <Times creation="2012-11-10T21:25:48.9531250+02:00" queuing="2012-11-10T21:25:49.0312500+02:00" start="2012-11-10T21:25:49.1093750+02:00" finish="2012-11-10T21:26:11.8125000+02:00" />
  <ResultSummary outcome="Failed">
    <Counters total="1" executed="1" error="0" failed="1" timeout="0" aborted="0" inconclusive="0" passedButRunAborted="0" notRunnable="0" notExecuted="0" disconnected="0" warning="0" passed="0" completed="0" inProgress="0" pending="0" />
  </ResultSummary>
  <TestDefinitions>
    <UnitTest name="AddProductTest" storage="c:\groceryapp\businesstest\bin\debug\businesstest.dll" id="6ff62ea5-d0a5-9905-38ba-7c96f4e3b4fa">
      <Execution id="9e7be752-88e1-4248-b202-721b0f91cd84" />
      <TestMethod codeBase="C:/GroceryApp/BusinessTest/bin/Debug/BusinessTest.DLL" adapterTypeName="Microsoft.VisualStudio.TestTools.TestTypes.Unit.UnitTestAdapter, Microsoft.VisualStudio.QualityTools.Tips.UnitTest.Adapter, Version=10.0.0.0, Culture=neutral, PublicKeyToken=b03f5f7f11d50a3a" className="BusinessTest.ProductMgrTest, BusinessTest, Version=1.0.0.0, Culture=neutral, PublicKeyToken=null" name="AddProductTest" />
    </UnitTest>
  </TestDefinitions>
  <TestLists>
    <TestList name="Results Not in a List" id="8c84fa94-04c1-424b-9868-57a2d4851a1d" />
    <TestList name="All Loaded Results" id="19431567-8539-422a-85d7-44ee4e166bda" />
  </TestLists>
  <TestEntries>
    <TestEntry testId="6ff62ea5-d0a5-9905-38ba-7c96f4e3b4fa" executionId="9e7be752-88e1-4248-b202-721b0f91cd84" testListId="8c84fa94-04c1-424b-9868-57a2d4851a1d" />
  </TestEntries>
  <Results>
    <UnitTestResult executionId="9e7be752-88e1-4248-b202-721b0f91cd84" testId="6ff62ea5-d0a5-9905-38ba-7c96f4e3b4fa" testName="AddProductTest" computerName="IT-41C8711BE33B" duration="00:00:19.4730550" startTime="2012-11-10T21:25:49.0937500+02:00" endTime="2012-11-10T21:26:10.0312500+02:00" testType="13cdc9d9-ddb5-4fa4-a97d-d965ccfc6d4b" outcome="Failed" testListId="8c84fa94-04c1-424b-9868-57a2d4851a1d" relativeResultsDirectory="9e7be752-88e1-4248-b202-721b0f91cd84">
      <Output>
        <ErrorInfo>
          <Message>Test method BusinessTest.ProductMgrTest.AddProductTest threw exception: 
System.InvalidOperationException: The model backing the 'GroceryDbContext' context has changed since the database was created. Consider using Code First Migrations to update the database (http://go.microsoft.com/fwlink/?LinkId=238269).</Message>
          <StackTrace>    at System.Data.Entity.CreateDatabaseIfNotExists`1.InitializeDatabase(TContext context)
   at System.Data.Entity.Internal.InternalContext.&lt;&gt;c__DisplayClass8.&lt;PerformDatabaseInitialization&gt;b__6()
   at System.Data.Entity.Internal.InternalContext.PerformInitializationAction(Action action)
   at System.Data.Entity.Internal.InternalContext.PerformDatabaseInitialization()
   at System.Data.Entity.Internal.LazyInternalContext.&lt;InitializeDatabase&gt;b__4(InternalContext c)
   at System.Data.Entity.Internal.RetryAction`1.PerformAction(TInput input)
   at System.Data.Entity.Internal.LazyInternalContext.InitializeDatabaseAction(Action`1 action)
   at System.Data.Entity.Internal.LazyInternalContext.InitializeDatabase()
   at System.Data.Entity.Internal.InternalContext.GetEntitySetAndBaseTypeForType(Type entityType)
   at System.Data.Entity.Internal.Linq.InternalSet`1.Initialize()
   at System.Data.Entity.Internal.Linq.InternalSet`1.get_InternalContext()
   at System.Data.Entity.Internal.Linq.InternalSet`1.ActOnSet(Action action, EntityState newState, Object entity, String methodName)
   at System.Data.Entity.Internal.Linq.InternalSet`1.Add(Object entity)
   at System.Data.Entity.DbSet`1.Add(TEntity entity)
   at GroceryApp.Models.Services.ProductSvcADOImpl.AddProduct(Product product) in C:\GroceryApp\GroceryApp\Models\Services\ProductSvcADOImpl.cs:line 33
   at GroceryApp.Models.Business.ProductMgr.AddProduct(Product product) in C:\GroceryApp\GroceryApp\Models\Business\ProductMgr.cs:line 26
   at BusinessTest.ProductMgrTest.AddProductTest() in C:\GroceryApp\BusinessTest\ProductMgrTest.cs:line 100
</StackTrace>
        </ErrorInfo>
      </Output>
    </UnitTestResult>
  </Results>
</TestRun>