<?xml version="1.0" encoding="UTF-8"?>
<TestRun id="33f18ab6-b151-4e50-9945-9fb4911a6c9e" name="Administrator@IT-41C8711BE33B 2012-11-10 22:29:14" runUser="IT-41C8711BE33B\Administrator" xmlns="http://microsoft.com/schemas/VisualStudio/TeamTest/2010">
  <TestSettings name="Local" id="e96b331a-14e7-443c-a343-adc2a1a24a0b">
    <Description>These are default test settings for a local test run.</Description>
    <Deployment enabled="false" runDeploymentRoot="Administrator_IT-41C8711BE33B 2012-11-10 22_29_14">
      <DeploymentItem filename="C:\GroceryApp\packages\TelerikMvcExtensions.2011.1.315\lib\net40\Telerik.Web.Mvc.dll" />
      <DeploymentItem filename="C:\GroceryApp\packages\EntityFramework.5.0.0\lib\net40\EntityFramework.dll" />
      <DeploymentItem filename="C:\GroceryApp\GroceryApp\bin\GroceryApp.dll" />
    </Deployment>
    <Execution>
      <TestTypeSpecific />
      <AgentRule name="Execution Agents">
      </AgentRule>
    </Execution>
  </TestSettings>
  <Times creation="2012-11-10T22:29:14.0312500+02:00" queuing="2012-11-10T22:29:14.1250000+02:00" start="2012-11-10T22:29:14.2187500+02:00" finish="2012-11-10T22:29:16.9687500+02:00" />
  <ResultSummary outcome="Completed">
    <Counters total="1" executed="1" passed="1" error="0" failed="0" timeout="0" aborted="0" inconclusive="0" passedButRunAborted="0" notRunnable="0" notExecuted="0" disconnected="0" warning="0" completed="0" inProgress="0" pending="0" />
  </ResultSummary>
  <TestDefinitions>
    <UnitTest name="UpdateProductTest" storage="c:\groceryapp\testservices\bin\debug\testservices.dll" id="99ca40cb-11c4-6932-0028-af3aa6b398f0">
      <Execution id="2d9e081d-d187-4a16-8172-edf8cd6345aa" />
      <TestMethod codeBase="C:/GroceryApp/TestServices/bin/Debug/TestServices.DLL" adapterTypeName="Microsoft.VisualStudio.TestTools.TestTypes.Unit.UnitTestAdapter, Microsoft.VisualStudio.QualityTools.Tips.UnitTest.Adapter, Version=10.0.0.0, Culture=neutral, PublicKeyToken=b03f5f7f11d50a3a" className="TestServices.ProductSvcADOImplTest, TestServices, Version=1.0.0.0, Culture=neutral, PublicKeyToken=null" name="UpdateProductTest" />
    </UnitTest>
  </TestDefinitions>
  <TestLists>
    <TestList name="Results Not in a List" id="8c84fa94-04c1-424b-9868-57a2d4851a1d" />
    <TestList name="All Loaded Results" id="19431567-8539-422a-85d7-44ee4e166bda" />
  </TestLists>
  <TestEntries>
    <TestEntry testId="99ca40cb-11c4-6932-0028-af3aa6b398f0" executionId="2d9e081d-d187-4a16-8172-edf8cd6345aa" testListId="8c84fa94-04c1-424b-9868-57a2d4851a1d" />
  </TestEntries>
  <Results>
    <UnitTestResult executionId="2d9e081d-d187-4a16-8172-edf8cd6345aa" testId="99ca40cb-11c4-6932-0028-af3aa6b398f0" testName="UpdateProductTest" computerName="IT-41C8711BE33B" duration="00:00:00.2027732" startTime="2012-11-10T22:29:14.2187500+02:00" endTime="2012-11-10T22:29:16.4375000+02:00" testType="13cdc9d9-ddb5-4fa4-a97d-d965ccfc6d4b" outcome="Passed" testListId="8c84fa94-04c1-424b-9868-57a2d4851a1d" relativeResultsDirectory="2d9e081d-d187-4a16-8172-edf8cd6345aa">
    </UnitTestResult>
  </Results>
</TestRun>