<?xml version="1.0" encoding="UTF-8"?>
<TestRun id="2dbf9f05-f991-4f8b-839e-bb576756690c" name="Administrator@IT-41C8711BE33B 2012-11-10 22:04:54" runUser="IT-41C8711BE33B\Administrator" xmlns="http://microsoft.com/schemas/VisualStudio/TeamTest/2010">
  <TestSettings name="Local" id="e96b331a-14e7-443c-a343-adc2a1a24a0b">
    <Description>These are default test settings for a local test run.</Description>
    <Deployment enabled="false" runDeploymentRoot="Administrator_IT-41C8711BE33B 2012-11-10 22_04_54">
      <DeploymentItem filename="C:\GroceryApp\packages\TelerikMvcExtensions.2011.1.315\lib\net40\Telerik.Web.Mvc.dll" />
      <DeploymentItem filename="C:\GroceryApp\packages\EntityFramework.5.0.0\lib\net40\EntityFramework.dll" />
      <DeploymentItem filename="C:\GroceryApp\GroceryApp\bin\GroceryApp.dll" />
    </Deployment>
    <Execution>
      <TestTypeSpecific />
      <AgentRule name="Execution Agents">
      </AgentRule>
    </Execution>
  </TestSettings>
  <Times creation="2012-11-10T22:04:54.1093750+02:00" queuing="2012-11-10T22:04:54.2031250+02:00" start="2012-11-10T22:04:54.2968750+02:00" finish="2012-11-10T22:04:56.5156250+02:00" />
  <ResultSummary outcome="Completed">
    <Counters total="1" executed="1" passed="1" error="0" failed="0" timeout="0" aborted="0" inconclusive="0" passedButRunAborted="0" notRunnable="0" notExecuted="0" disconnected="0" warning="0" completed="0" inProgress="0" pending="0" />
  </ResultSummary>
  <TestDefinitions>
    <UnitTest name="AddProductTest" storage="c:\groceryapp\businesstest\bin\debug\businesstest.dll" id="6ff62ea5-d0a5-9905-38ba-7c96f4e3b4fa">
      <Execution id="9462c145-46ab-4430-ab93-82876e56b785" />
      <TestMethod codeBase="C:/GroceryApp/BusinessTest/bin/Debug/BusinessTest.DLL" adapterTypeName="Microsoft.VisualStudio.TestTools.TestTypes.Unit.UnitTestAdapter, Microsoft.VisualStudio.QualityTools.Tips.UnitTest.Adapter, Version=10.0.0.0, Culture=neutral, PublicKeyToken=b03f5f7f11d50a3a" className="BusinessTest.ProductMgrTest, BusinessTest, Version=1.0.0.0, Culture=neutral, PublicKeyToken=null" name="AddProductTest" />
    </UnitTest>
  </TestDefinitions>
  <TestLists>
    <TestList name="Results Not in a List" id="8c84fa94-04c1-424b-9868-57a2d4851a1d" />
    <TestList name="All Loaded Results" id="19431567-8539-422a-85d7-44ee4e166bda" />
  </TestLists>
  <TestEntries>
    <TestEntry testId="6ff62ea5-d0a5-9905-38ba-7c96f4e3b4fa" executionId="9462c145-46ab-4430-ab93-82876e56b785" testListId="8c84fa94-04c1-424b-9868-57a2d4851a1d" />
  </TestEntries>
  <Results>
    <UnitTestResult executionId="9462c145-46ab-4430-ab93-82876e56b785" testId="6ff62ea5-d0a5-9905-38ba-7c96f4e3b4fa" testName="AddProductTest" computerName="IT-41C8711BE33B" duration="00:00:00.1548593" startTime="2012-11-10T22:04:54.5312500+02:00" endTime="2012-11-10T22:04:56.0781250+02:00" testType="13cdc9d9-ddb5-4fa4-a97d-d965ccfc6d4b" outcome="Passed" testListId="8c84fa94-04c1-424b-9868-57a2d4851a1d" relativeResultsDirectory="9462c145-46ab-4430-ab93-82876e56b785">
    </UnitTestResult>
  </Results>
</TestRun>